The system is: Linux - 3.12.57-44-desktop - x86_64
Compiling the CXX compiler identification source file "CMakeCXXCompilerId.cpp" succeeded.
Compiler: /usr/local_64/gcc/gcc-5.3.0/bin/g++ 
Build flags: 
Id flags: 

The output was:
0


Compilation of the CXX compiler identification source "CMakeCXXCompilerId.cpp" produced "a.out"

The CXX compiler identification is GNU, found in "/home/zam/ruth/software_engineering/dune/dune-PFASST/build-cmake/CMakeFiles/3.4.1/CompilerIdCXX/a.out"

Determining if the CXX compiler works passed with the following output:
Change Dir: /home/zam/ruth/software_engineering/dune/dune-PFASST/build-cmake/CMakeFiles/CMakeTmp

Run Build Command:"/usr/bin/gmake" "cmTC_4960d/fast"
/usr/bin/gmake -f CMakeFiles/cmTC_4960d.dir/build.make CMakeFiles/cmTC_4960d.dir/build
gmake[1]: Entering directory `/home0/ruth/software_engineering/dune/dune-PFASST/build-cmake/CMakeFiles/CMakeTmp'
Building CXX object CMakeFiles/cmTC_4960d.dir/testCXXCompiler.cxx.o
/usr/local_64/gcc/gcc-5.3.0/bin/g++      -o CMakeFiles/cmTC_4960d.dir/testCXXCompiler.cxx.o -c /home/zam/ruth/software_engineering/dune/dune-PFASST/build-cmake/CMakeFiles/CMakeTmp/testCXXCompiler.cxx
Linking CXX executable cmTC_4960d
/usr/bin/cmake -E cmake_link_script CMakeFiles/cmTC_4960d.dir/link.txt --verbose=1
/usr/local_64/gcc/gcc-5.3.0/bin/g++        CMakeFiles/cmTC_4960d.dir/testCXXCompiler.cxx.o  -o cmTC_4960d -rdynamic 
gmake[1]: Leaving directory `/home0/ruth/software_engineering/dune/dune-PFASST/build-cmake/CMakeFiles/CMakeTmp'


Detecting CXX compiler ABI info compiled with the following output:
Change Dir: /home/zam/ruth/software_engineering/dune/dune-PFASST/build-cmake/CMakeFiles/CMakeTmp

Run Build Command:"/usr/bin/gmake" "cmTC_a03d6/fast"
/usr/bin/gmake -f CMakeFiles/cmTC_a03d6.dir/build.make CMakeFiles/cmTC_a03d6.dir/build
gmake[1]: Entering directory `/home0/ruth/software_engineering/dune/dune-PFASST/build-cmake/CMakeFiles/CMakeTmp'
Building CXX object CMakeFiles/cmTC_a03d6.dir/CMakeCXXCompilerABI.cpp.o
/usr/local_64/gcc/gcc-5.3.0/bin/g++      -o CMakeFiles/cmTC_a03d6.dir/CMakeCXXCompilerABI.cpp.o -c /usr/share/cmake/Modules/CMakeCXXCompilerABI.cpp
Linking CXX executable cmTC_a03d6
/usr/bin/cmake -E cmake_link_script CMakeFiles/cmTC_a03d6.dir/link.txt --verbose=1
/usr/local_64/gcc/gcc-5.3.0/bin/g++       -v CMakeFiles/cmTC_a03d6.dir/CMakeCXXCompilerABI.cpp.o  -o cmTC_a03d6 -rdynamic  
Using built-in specs.
COLLECT_GCC=/usr/local_64/gcc/gcc-5.3.0/bin/g++
COLLECT_LTO_WRAPPER=/usr/local_64/gcc/gcc-5.3.0/lib/gcc/x86_64-unknown-linux-gnu/5.3.0/lto-wrapper
Target: x86_64-unknown-linux-gnu
Configured with: ../gcc-5.3.0-src/gcc-5.3.0/configure --prefix=/usr/local_64/gcc/gcc-5.3.0 --with-mpc=/usr/local_64/gcc/mpc-0.9 --enable-languages=c,c++,fortran --enable-lto
Thread model: posix
gcc version 5.3.0 (GCC) 
COMPILER_PATH=/usr/local_64/gcc/gcc-5.3.0/lib/gcc/x86_64-unknown-linux-gnu/5.3.0/:/usr/local_64/gcc/gcc-5.3.0/lib/gcc/x86_64-unknown-linux-gnu/5.3.0/:/usr/local_64/gcc/gcc-5.3.0/lib/gcc/x86_64-unknown-linux-gnu/:/usr/local_64/gcc/gcc-5.3.0/lib64/gcc/x86_64-unknown-linux-gnu/5.3.0/:/usr/local_64/gcc/gcc-5.3.0/lib64/gcc/x86_64-unknown-linux-gnu/
LIBRARY_PATH=/home/zam/ruth/lib64/../lib64/:/home/zam/ruth/lib/../lib64/:/usr/local_64/gcc/gcc-5.3.0/lib64/gcc/x86_64-unknown-linux-gnu/5.3.0/:/usr/local_64/gcc/gcc-5.3.0/lib64/gcc/x86_64-unknown-linux-gnu/5.3.0/../../../../lib64/:/lib/../lib64/:/usr/lib/../lib64/:/home/zam/ruth/lib64/:/home/zam/ruth/lib/:./:/usr/local_64/gcc/gcc-5.3.0/lib64/gcc/x86_64-unknown-linux-gnu/5.3.0/../../../:/lib/:/usr/lib/
COLLECT_GCC_OPTIONS='-v' '-o' 'cmTC_a03d6' '-rdynamic' '-shared-libgcc' '-mtune=generic' '-march=x86-64'
 /usr/local_64/gcc/gcc-5.3.0/lib/gcc/x86_64-unknown-linux-gnu/5.3.0/collect2 -plugin /usr/local_64/gcc/gcc-5.3.0/lib/gcc/x86_64-unknown-linux-gnu/5.3.0/liblto_plugin.so -plugin-opt=/usr/local_64/gcc/gcc-5.3.0/lib/gcc/x86_64-unknown-linux-gnu/5.3.0/lto-wrapper -plugin-opt=-fresolution=/tmp/cc4K66Un.res -plugin-opt=-pass-through=-lgcc_s -plugin-opt=-pass-through=-lgcc -plugin-opt=-pass-through=-lc -plugin-opt=-pass-through=-lgcc_s -plugin-opt=-pass-through=-lgcc --eh-frame-hdr -m elf_x86_64 -export-dynamic -dynamic-linker /lib64/ld-linux-x86-64.so.2 -o cmTC_a03d6 /usr/lib/../lib64/crt1.o /usr/lib/../lib64/crti.o /usr/local_64/gcc/gcc-5.3.0/lib64/gcc/x86_64-unknown-linux-gnu/5.3.0/crtbegin.o -L/home/zam/ruth/lib64/../lib64 -L/home/zam/ruth/lib/../lib64 -L/usr/local_64/gcc/gcc-5.3.0/lib64/gcc/x86_64-unknown-linux-gnu/5.3.0 -L/usr/local_64/gcc/gcc-5.3.0/lib64/gcc/x86_64-unknown-linux-gnu/5.3.0/../../../../lib64 -L/lib/../lib64 -L/usr/lib/../lib64 -L/home/zam/ruth/lib64 -L/home/zam/ruth/lib -L. -L/usr/local_64/gcc/gcc-5.3.0/lib64/gcc/x86_64-unknown-linux-gnu/5.3.0/../../.. CMakeFiles/cmTC_a03d6.dir/CMakeCXXCompilerABI.cpp.o -lstdc++ -lm -lgcc_s -lgcc -lc -lgcc_s -lgcc /usr/local_64/gcc/gcc-5.3.0/lib64/gcc/x86_64-unknown-linux-gnu/5.3.0/crtend.o /usr/lib/../lib64/crtn.o
gmake[1]: Leaving directory `/home0/ruth/software_engineering/dune/dune-PFASST/build-cmake/CMakeFiles/CMakeTmp'


Parsed CXX implicit link information from above output:
  link line regex: [^( *|.*[/\])(ld|([^/\]+-)?ld|collect2)[^/\]*( |$)]
  ignore line: [Change Dir: /home/zam/ruth/software_engineering/dune/dune-PFASST/build-cmake/CMakeFiles/CMakeTmp]
  ignore line: []
  ignore line: [Run Build Command:"/usr/bin/gmake" "cmTC_a03d6/fast"]
  ignore line: [/usr/bin/gmake -f CMakeFiles/cmTC_a03d6.dir/build.make CMakeFiles/cmTC_a03d6.dir/build]
  ignore line: [gmake[1]: Entering directory `/home0/ruth/software_engineering/dune/dune-PFASST/build-cmake/CMakeFiles/CMakeTmp']
  ignore line: [Building CXX object CMakeFiles/cmTC_a03d6.dir/CMakeCXXCompilerABI.cpp.o]
  ignore line: [/usr/local_64/gcc/gcc-5.3.0/bin/g++      -o CMakeFiles/cmTC_a03d6.dir/CMakeCXXCompilerABI.cpp.o -c /usr/share/cmake/Modules/CMakeCXXCompilerABI.cpp]
  ignore line: [Linking CXX executable cmTC_a03d6]
  ignore line: [/usr/bin/cmake -E cmake_link_script CMakeFiles/cmTC_a03d6.dir/link.txt --verbose=1]
  ignore line: [/usr/local_64/gcc/gcc-5.3.0/bin/g++       -v CMakeFiles/cmTC_a03d6.dir/CMakeCXXCompilerABI.cpp.o  -o cmTC_a03d6 -rdynamic  ]
  ignore line: [Using built-in specs.]
  ignore line: [COLLECT_GCC=/usr/local_64/gcc/gcc-5.3.0/bin/g++]
  ignore line: [COLLECT_LTO_WRAPPER=/usr/local_64/gcc/gcc-5.3.0/lib/gcc/x86_64-unknown-linux-gnu/5.3.0/lto-wrapper]
  ignore line: [Target: x86_64-unknown-linux-gnu]
  ignore line: [Configured with: ../gcc-5.3.0-src/gcc-5.3.0/configure --prefix=/usr/local_64/gcc/gcc-5.3.0 --with-mpc=/usr/local_64/gcc/mpc-0.9 --enable-languages=c,c++,fortran --enable-lto]
  ignore line: [Thread model: posix]
  ignore line: [gcc version 5.3.0 (GCC) ]
  ignore line: [COMPILER_PATH=/usr/local_64/gcc/gcc-5.3.0/lib/gcc/x86_64-unknown-linux-gnu/5.3.0/:/usr/local_64/gcc/gcc-5.3.0/lib/gcc/x86_64-unknown-linux-gnu/5.3.0/:/usr/local_64/gcc/gcc-5.3.0/lib/gcc/x86_64-unknown-linux-gnu/:/usr/local_64/gcc/gcc-5.3.0/lib64/gcc/x86_64-unknown-linux-gnu/5.3.0/:/usr/local_64/gcc/gcc-5.3.0/lib64/gcc/x86_64-unknown-linux-gnu/]
  ignore line: [LIBRARY_PATH=/home/zam/ruth/lib64/../lib64/:/home/zam/ruth/lib/../lib64/:/usr/local_64/gcc/gcc-5.3.0/lib64/gcc/x86_64-unknown-linux-gnu/5.3.0/:/usr/local_64/gcc/gcc-5.3.0/lib64/gcc/x86_64-unknown-linux-gnu/5.3.0/../../../../lib64/:/lib/../lib64/:/usr/lib/../lib64/:/home/zam/ruth/lib64/:/home/zam/ruth/lib/:./:/usr/local_64/gcc/gcc-5.3.0/lib64/gcc/x86_64-unknown-linux-gnu/5.3.0/../../../:/lib/:/usr/lib/]
  ignore line: [COLLECT_GCC_OPTIONS='-v' '-o' 'cmTC_a03d6' '-rdynamic' '-shared-libgcc' '-mtune=generic' '-march=x86-64']
  link line: [ /usr/local_64/gcc/gcc-5.3.0/lib/gcc/x86_64-unknown-linux-gnu/5.3.0/collect2 -plugin /usr/local_64/gcc/gcc-5.3.0/lib/gcc/x86_64-unknown-linux-gnu/5.3.0/liblto_plugin.so -plugin-opt=/usr/local_64/gcc/gcc-5.3.0/lib/gcc/x86_64-unknown-linux-gnu/5.3.0/lto-wrapper -plugin-opt=-fresolution=/tmp/cc4K66Un.res -plugin-opt=-pass-through=-lgcc_s -plugin-opt=-pass-through=-lgcc -plugin-opt=-pass-through=-lc -plugin-opt=-pass-through=-lgcc_s -plugin-opt=-pass-through=-lgcc --eh-frame-hdr -m elf_x86_64 -export-dynamic -dynamic-linker /lib64/ld-linux-x86-64.so.2 -o cmTC_a03d6 /usr/lib/../lib64/crt1.o /usr/lib/../lib64/crti.o /usr/local_64/gcc/gcc-5.3.0/lib64/gcc/x86_64-unknown-linux-gnu/5.3.0/crtbegin.o -L/home/zam/ruth/lib64/../lib64 -L/home/zam/ruth/lib/../lib64 -L/usr/local_64/gcc/gcc-5.3.0/lib64/gcc/x86_64-unknown-linux-gnu/5.3.0 -L/usr/local_64/gcc/gcc-5.3.0/lib64/gcc/x86_64-unknown-linux-gnu/5.3.0/../../../../lib64 -L/lib/../lib64 -L/usr/lib/../lib64 -L/home/zam/ruth/lib64 -L/home/zam/ruth/lib -L. -L/usr/local_64/gcc/gcc-5.3.0/lib64/gcc/x86_64-unknown-linux-gnu/5.3.0/../../.. CMakeFiles/cmTC_a03d6.dir/CMakeCXXCompilerABI.cpp.o -lstdc++ -lm -lgcc_s -lgcc -lc -lgcc_s -lgcc /usr/local_64/gcc/gcc-5.3.0/lib64/gcc/x86_64-unknown-linux-gnu/5.3.0/crtend.o /usr/lib/../lib64/crtn.o]
    arg [/usr/local_64/gcc/gcc-5.3.0/lib/gcc/x86_64-unknown-linux-gnu/5.3.0/collect2] ==> ignore
    arg [-plugin] ==> ignore
    arg [/usr/local_64/gcc/gcc-5.3.0/lib/gcc/x86_64-unknown-linux-gnu/5.3.0/liblto_plugin.so] ==> ignore
    arg [-plugin-opt=/usr/local_64/gcc/gcc-5.3.0/lib/gcc/x86_64-unknown-linux-gnu/5.3.0/lto-wrapper] ==> ignore
    arg [-plugin-opt=-fresolution=/tmp/cc4K66Un.res] ==> ignore
    arg [-plugin-opt=-pass-through=-lgcc_s] ==> ignore
    arg [-plugin-opt=-pass-through=-lgcc] ==> ignore
    arg [-plugin-opt=-pass-through=-lc] ==> ignore
    arg [-plugin-opt=-pass-through=-lgcc_s] ==> ignore
    arg [-plugin-opt=-pass-through=-lgcc] ==> ignore
    arg [--eh-frame-hdr] ==> ignore
    arg [-m] ==> ignore
    arg [elf_x86_64] ==> ignore
    arg [-export-dynamic] ==> ignore
    arg [-dynamic-linker] ==> ignore
    arg [/lib64/ld-linux-x86-64.so.2] ==> ignore
    arg [-o] ==> ignore
    arg [cmTC_a03d6] ==> ignore
    arg [/usr/lib/../lib64/crt1.o] ==> ignore
    arg [/usr/lib/../lib64/crti.o] ==> ignore
    arg [/usr/local_64/gcc/gcc-5.3.0/lib64/gcc/x86_64-unknown-linux-gnu/5.3.0/crtbegin.o] ==> ignore
    arg [-L/home/zam/ruth/lib64/../lib64] ==> dir [/home/zam/ruth/lib64/../lib64]
    arg [-L/home/zam/ruth/lib/../lib64] ==> dir [/home/zam/ruth/lib/../lib64]
    arg [-L/usr/local_64/gcc/gcc-5.3.0/lib64/gcc/x86_64-unknown-linux-gnu/5.3.0] ==> dir [/usr/local_64/gcc/gcc-5.3.0/lib64/gcc/x86_64-unknown-linux-gnu/5.3.0]
    arg [-L/usr/local_64/gcc/gcc-5.3.0/lib64/gcc/x86_64-unknown-linux-gnu/5.3.0/../../../../lib64] ==> dir [/usr/local_64/gcc/gcc-5.3.0/lib64/gcc/x86_64-unknown-linux-gnu/5.3.0/../../../../lib64]
    arg [-L/lib/../lib64] ==> dir [/lib/../lib64]
    arg [-L/usr/lib/../lib64] ==> dir [/usr/lib/../lib64]
    arg [-L/home/zam/ruth/lib64] ==> dir [/home/zam/ruth/lib64]
    arg [-L/home/zam/ruth/lib] ==> dir [/home/zam/ruth/lib]
    arg [-L.] ==> ignore
    arg [-L/usr/local_64/gcc/gcc-5.3.0/lib64/gcc/x86_64-unknown-linux-gnu/5.3.0/../../..] ==> dir [/usr/local_64/gcc/gcc-5.3.0/lib64/gcc/x86_64-unknown-linux-gnu/5.3.0/../../..]
    arg [CMakeFiles/cmTC_a03d6.dir/CMakeCXXCompilerABI.cpp.o] ==> ignore
    arg [-lstdc++] ==> lib [stdc++]
    arg [-lm] ==> lib [m]
    arg [-lgcc_s] ==> lib [gcc_s]
    arg [-lgcc] ==> lib [gcc]
    arg [-lc] ==> lib [c]
    arg [-lgcc_s] ==> lib [gcc_s]
    arg [-lgcc] ==> lib [gcc]
    arg [/usr/local_64/gcc/gcc-5.3.0/lib64/gcc/x86_64-unknown-linux-gnu/5.3.0/crtend.o] ==> ignore
    arg [/usr/lib/../lib64/crtn.o] ==> ignore
  remove lib [gcc_s]
  remove lib [gcc]
  remove lib [gcc_s]
  remove lib [gcc]
  collapse library dir [/home/zam/ruth/lib64/../lib64] ==> [/home/zam/ruth/lib64]
  collapse library dir [/home/zam/ruth/lib/../lib64] ==> [/home/zam/ruth/lib64]
  collapse library dir [/usr/local_64/gcc/gcc-5.3.0/lib64/gcc/x86_64-unknown-linux-gnu/5.3.0] ==> [/usr/local_64/gcc/gcc-5.3.0/lib64/gcc/x86_64-unknown-linux-gnu/5.3.0]
  collapse library dir [/usr/local_64/gcc/gcc-5.3.0/lib64/gcc/x86_64-unknown-linux-gnu/5.3.0/../../../../lib64] ==> [/usr/local_64/gcc/gcc-5.3.0/lib64]
  collapse library dir [/lib/../lib64] ==> [/lib64]
  collapse library dir [/usr/lib/../lib64] ==> [/usr/lib64]
  collapse library dir [/home/zam/ruth/lib64] ==> [/home/zam/ruth/lib64]
  collapse library dir [/home/zam/ruth/lib] ==> [/home/zam/ruth/lib]
  collapse library dir [/usr/local_64/gcc/gcc-5.3.0/lib64/gcc/x86_64-unknown-linux-gnu/5.3.0/../../..] ==> [/usr/local_64/gcc/gcc-5.3.0/lib64]
  implicit libs: [stdc++;m;c]
  implicit dirs: [/home/zam/ruth/lib64;/usr/local_64/gcc/gcc-5.3.0/lib64/gcc/x86_64-unknown-linux-gnu/5.3.0;/usr/local_64/gcc/gcc-5.3.0/lib64;/lib64;/usr/lib64;/home/zam/ruth/lib]
  implicit fwks: []




Detecting CXX [-std=c++14] compiler features compiled with the following output:
Change Dir: /home/zam/ruth/software_engineering/dune/dune-PFASST/build-cmake/CMakeFiles/CMakeTmp

Run Build Command:"/usr/bin/gmake" "cmTC_c8695/fast"
/usr/bin/gmake -f CMakeFiles/cmTC_c8695.dir/build.make CMakeFiles/cmTC_c8695.dir/build
gmake[1]: Entering directory `/home0/ruth/software_engineering/dune/dune-PFASST/build-cmake/CMakeFiles/CMakeTmp'
Building CXX object CMakeFiles/cmTC_c8695.dir/feature_tests.cxx.o
/usr/local_64/gcc/gcc-5.3.0/bin/g++     -std=c++14 -o CMakeFiles/cmTC_c8695.dir/feature_tests.cxx.o -c /home/zam/ruth/software_engineering/dune/dune-PFASST/build-cmake/CMakeFiles/feature_tests.cxx
Linking CXX executable cmTC_c8695
/usr/bin/cmake -E cmake_link_script CMakeFiles/cmTC_c8695.dir/link.txt --verbose=1
/usr/local_64/gcc/gcc-5.3.0/bin/g++        CMakeFiles/cmTC_c8695.dir/feature_tests.cxx.o  -o cmTC_c8695 -rdynamic 
gmake[1]: Leaving directory `/home0/ruth/software_engineering/dune/dune-PFASST/build-cmake/CMakeFiles/CMakeTmp'


    Feature record: CXX_FEATURE:1cxx_aggregate_default_initializers
    Feature record: CXX_FEATURE:1cxx_alias_templates
    Feature record: CXX_FEATURE:1cxx_alignas
    Feature record: CXX_FEATURE:1cxx_alignof
    Feature record: CXX_FEATURE:1cxx_attributes
    Feature record: CXX_FEATURE:1cxx_attribute_deprecated
    Feature record: CXX_FEATURE:1cxx_auto_type
    Feature record: CXX_FEATURE:1cxx_binary_literals
    Feature record: CXX_FEATURE:1cxx_constexpr
    Feature record: CXX_FEATURE:1cxx_contextual_conversions
    Feature record: CXX_FEATURE:1cxx_decltype
    Feature record: CXX_FEATURE:1cxx_decltype_auto
    Feature record: CXX_FEATURE:1cxx_decltype_incomplete_return_types
    Feature record: CXX_FEATURE:1cxx_default_function_template_args
    Feature record: CXX_FEATURE:1cxx_defaulted_functions
    Feature record: CXX_FEATURE:1cxx_defaulted_move_initializers
    Feature record: CXX_FEATURE:1cxx_delegating_constructors
    Feature record: CXX_FEATURE:1cxx_deleted_functions
    Feature record: CXX_FEATURE:1cxx_digit_separators
    Feature record: CXX_FEATURE:1cxx_enum_forward_declarations
    Feature record: CXX_FEATURE:1cxx_explicit_conversions
    Feature record: CXX_FEATURE:1cxx_extended_friend_declarations
    Feature record: CXX_FEATURE:1cxx_extern_templates
    Feature record: CXX_FEATURE:1cxx_final
    Feature record: CXX_FEATURE:1cxx_func_identifier
    Feature record: CXX_FEATURE:1cxx_generalized_initializers
    Feature record: CXX_FEATURE:1cxx_generic_lambdas
    Feature record: CXX_FEATURE:1cxx_inheriting_constructors
    Feature record: CXX_FEATURE:1cxx_inline_namespaces
    Feature record: CXX_FEATURE:1cxx_lambdas
    Feature record: CXX_FEATURE:1cxx_lambda_init_captures
    Feature record: CXX_FEATURE:1cxx_local_type_template_args
    Feature record: CXX_FEATURE:1cxx_long_long_type
    Feature record: CXX_FEATURE:1cxx_noexcept
    Feature record: CXX_FEATURE:1cxx_nonstatic_member_init
    Feature record: CXX_FEATURE:1cxx_nullptr
    Feature record: CXX_FEATURE:1cxx_override
    Feature record: CXX_FEATURE:1cxx_range_for
    Feature record: CXX_FEATURE:1cxx_raw_string_literals
    Feature record: CXX_FEATURE:1cxx_reference_qualified_functions
    Feature record: CXX_FEATURE:1cxx_relaxed_constexpr
    Feature record: CXX_FEATURE:1cxx_return_type_deduction
    Feature record: CXX_FEATURE:1cxx_right_angle_brackets
    Feature record: CXX_FEATURE:1cxx_rvalue_references
    Feature record: CXX_FEATURE:1cxx_sizeof_member
    Feature record: CXX_FEATURE:1cxx_static_assert
    Feature record: CXX_FEATURE:1cxx_strong_enums
    Feature record: CXX_FEATURE:1cxx_template_template_parameters
    Feature record: CXX_FEATURE:1cxx_thread_local
    Feature record: CXX_FEATURE:1cxx_trailing_return_types
    Feature record: CXX_FEATURE:1cxx_unicode_literals
    Feature record: CXX_FEATURE:1cxx_uniform_initialization
    Feature record: CXX_FEATURE:1cxx_unrestricted_unions
    Feature record: CXX_FEATURE:1cxx_user_literals
    Feature record: CXX_FEATURE:1cxx_variable_templates
    Feature record: CXX_FEATURE:1cxx_variadic_macros
    Feature record: CXX_FEATURE:1cxx_variadic_templates


Detecting CXX [-std=c++11] compiler features compiled with the following output:
Change Dir: /home/zam/ruth/software_engineering/dune/dune-PFASST/build-cmake/CMakeFiles/CMakeTmp

Run Build Command:"/usr/bin/gmake" "cmTC_bd5df/fast"
/usr/bin/gmake -f CMakeFiles/cmTC_bd5df.dir/build.make CMakeFiles/cmTC_bd5df.dir/build
gmake[1]: Entering directory `/home0/ruth/software_engineering/dune/dune-PFASST/build-cmake/CMakeFiles/CMakeTmp'
Building CXX object CMakeFiles/cmTC_bd5df.dir/feature_tests.cxx.o
/usr/local_64/gcc/gcc-5.3.0/bin/g++     -std=c++11 -o CMakeFiles/cmTC_bd5df.dir/feature_tests.cxx.o -c /home/zam/ruth/software_engineering/dune/dune-PFASST/build-cmake/CMakeFiles/feature_tests.cxx
Linking CXX executable cmTC_bd5df
/usr/bin/cmake -E cmake_link_script CMakeFiles/cmTC_bd5df.dir/link.txt --verbose=1
/usr/local_64/gcc/gcc-5.3.0/bin/g++        CMakeFiles/cmTC_bd5df.dir/feature_tests.cxx.o  -o cmTC_bd5df -rdynamic 
gmake[1]: Leaving directory `/home0/ruth/software_engineering/dune/dune-PFASST/build-cmake/CMakeFiles/CMakeTmp'


    Feature record: CXX_FEATURE:0cxx_aggregate_default_initializers
    Feature record: CXX_FEATURE:1cxx_alias_templates
    Feature record: CXX_FEATURE:1cxx_alignas
    Feature record: CXX_FEATURE:1cxx_alignof
    Feature record: CXX_FEATURE:1cxx_attributes
    Feature record: CXX_FEATURE:0cxx_attribute_deprecated
    Feature record: CXX_FEATURE:1cxx_auto_type
    Feature record: CXX_FEATURE:0cxx_binary_literals
    Feature record: CXX_FEATURE:1cxx_constexpr
    Feature record: CXX_FEATURE:0cxx_contextual_conversions
    Feature record: CXX_FEATURE:1cxx_decltype
    Feature record: CXX_FEATURE:0cxx_decltype_auto
    Feature record: CXX_FEATURE:1cxx_decltype_incomplete_return_types
    Feature record: CXX_FEATURE:1cxx_default_function_template_args
    Feature record: CXX_FEATURE:1cxx_defaulted_functions
    Feature record: CXX_FEATURE:1cxx_defaulted_move_initializers
    Feature record: CXX_FEATURE:1cxx_delegating_constructors
    Feature record: CXX_FEATURE:1cxx_deleted_functions
    Feature record: CXX_FEATURE:0cxx_digit_separators
    Feature record: CXX_FEATURE:1cxx_enum_forward_declarations
    Feature record: CXX_FEATURE:1cxx_explicit_conversions
    Feature record: CXX_FEATURE:1cxx_extended_friend_declarations
    Feature record: CXX_FEATURE:1cxx_extern_templates
    Feature record: CXX_FEATURE:1cxx_final
    Feature record: CXX_FEATURE:1cxx_func_identifier
    Feature record: CXX_FEATURE:1cxx_generalized_initializers
    Feature record: CXX_FEATURE:0cxx_generic_lambdas
    Feature record: CXX_FEATURE:1cxx_inheriting_constructors
    Feature record: CXX_FEATURE:1cxx_inline_namespaces
    Feature record: CXX_FEATURE:1cxx_lambdas
    Feature record: CXX_FEATURE:0cxx_lambda_init_captures
    Feature record: CXX_FEATURE:1cxx_local_type_template_args
    Feature record: CXX_FEATURE:1cxx_long_long_type
    Feature record: CXX_FEATURE:1cxx_noexcept
    Feature record: CXX_FEATURE:1cxx_nonstatic_member_init
    Feature record: CXX_FEATURE:1cxx_nullptr
    Feature record: CXX_FEATURE:1cxx_override
    Feature record: CXX_FEATURE:1cxx_range_for
    Feature record: CXX_FEATURE:1cxx_raw_string_literals
    Feature record: CXX_FEATURE:1cxx_reference_qualified_functions
    Feature record: CXX_FEATURE:0cxx_relaxed_constexpr
    Feature record: CXX_FEATURE:0cxx_return_type_deduction
    Feature record: CXX_FEATURE:1cxx_right_angle_brackets
    Feature record: CXX_FEATURE:1cxx_rvalue_references
    Feature record: CXX_FEATURE:1cxx_sizeof_member
    Feature record: CXX_FEATURE:1cxx_static_assert
    Feature record: CXX_FEATURE:1cxx_strong_enums
    Feature record: CXX_FEATURE:1cxx_template_template_parameters
    Feature record: CXX_FEATURE:1cxx_thread_local
    Feature record: CXX_FEATURE:1cxx_trailing_return_types
    Feature record: CXX_FEATURE:1cxx_unicode_literals
    Feature record: CXX_FEATURE:1cxx_uniform_initialization
    Feature record: CXX_FEATURE:1cxx_unrestricted_unions
    Feature record: CXX_FEATURE:1cxx_user_literals
    Feature record: CXX_FEATURE:0cxx_variable_templates
    Feature record: CXX_FEATURE:1cxx_variadic_macros
    Feature record: CXX_FEATURE:1cxx_variadic_templates


Detecting CXX [-std=c++98] compiler features compiled with the following output:
Change Dir: /home/zam/ruth/software_engineering/dune/dune-PFASST/build-cmake/CMakeFiles/CMakeTmp

Run Build Command:"/usr/bin/gmake" "cmTC_94db1/fast"
/usr/bin/gmake -f CMakeFiles/cmTC_94db1.dir/build.make CMakeFiles/cmTC_94db1.dir/build
gmake[1]: Entering directory `/home0/ruth/software_engineering/dune/dune-PFASST/build-cmake/CMakeFiles/CMakeTmp'
Building CXX object CMakeFiles/cmTC_94db1.dir/feature_tests.cxx.o
/usr/local_64/gcc/gcc-5.3.0/bin/g++     -std=c++98 -o CMakeFiles/cmTC_94db1.dir/feature_tests.cxx.o -c /home/zam/ruth/software_engineering/dune/dune-PFASST/build-cmake/CMakeFiles/feature_tests.cxx
Linking CXX executable cmTC_94db1
/usr/bin/cmake -E cmake_link_script CMakeFiles/cmTC_94db1.dir/link.txt --verbose=1
/usr/local_64/gcc/gcc-5.3.0/bin/g++        CMakeFiles/cmTC_94db1.dir/feature_tests.cxx.o  -o cmTC_94db1 -rdynamic 
gmake[1]: Leaving directory `/home0/ruth/software_engineering/dune/dune-PFASST/build-cmake/CMakeFiles/CMakeTmp'


    Feature record: CXX_FEATURE:0cxx_aggregate_default_initializers
    Feature record: CXX_FEATURE:0cxx_alias_templates
    Feature record: CXX_FEATURE:0cxx_alignas
    Feature record: CXX_FEATURE:0cxx_alignof
    Feature record: CXX_FEATURE:0cxx_attributes
    Feature record: CXX_FEATURE:0cxx_attribute_deprecated
    Feature record: CXX_FEATURE:0cxx_auto_type
    Feature record: CXX_FEATURE:0cxx_binary_literals
    Feature record: CXX_FEATURE:0cxx_constexpr
    Feature record: CXX_FEATURE:0cxx_contextual_conversions
    Feature record: CXX_FEATURE:0cxx_decltype
    Feature record: CXX_FEATURE:0cxx_decltype_auto
    Feature record: CXX_FEATURE:0cxx_decltype_incomplete_return_types
    Feature record: CXX_FEATURE:0cxx_default_function_template_args
    Feature record: CXX_FEATURE:0cxx_defaulted_functions
    Feature record: CXX_FEATURE:0cxx_defaulted_move_initializers
    Feature record: CXX_FEATURE:0cxx_delegating_constructors
    Feature record: CXX_FEATURE:0cxx_deleted_functions
    Feature record: CXX_FEATURE:0cxx_digit_separators
    Feature record: CXX_FEATURE:0cxx_enum_forward_declarations
    Feature record: CXX_FEATURE:0cxx_explicit_conversions
    Feature record: CXX_FEATURE:0cxx_extended_friend_declarations
    Feature record: CXX_FEATURE:0cxx_extern_templates
    Feature record: CXX_FEATURE:0cxx_final
    Feature record: CXX_FEATURE:0cxx_func_identifier
    Feature record: CXX_FEATURE:0cxx_generalized_initializers
    Feature record: CXX_FEATURE:0cxx_generic_lambdas
    Feature record: CXX_FEATURE:0cxx_inheriting_constructors
    Feature record: CXX_FEATURE:0cxx_inline_namespaces
    Feature record: CXX_FEATURE:0cxx_lambdas
    Feature record: CXX_FEATURE:0cxx_lambda_init_captures
    Feature record: CXX_FEATURE:0cxx_local_type_template_args
    Feature record: CXX_FEATURE:0cxx_long_long_type
    Feature record: CXX_FEATURE:0cxx_noexcept
    Feature record: CXX_FEATURE:0cxx_nonstatic_member_init
    Feature record: CXX_FEATURE:0cxx_nullptr
    Feature record: CXX_FEATURE:0cxx_override
    Feature record: CXX_FEATURE:0cxx_range_for
    Feature record: CXX_FEATURE:0cxx_raw_string_literals
    Feature record: CXX_FEATURE:0cxx_reference_qualified_functions
    Feature record: CXX_FEATURE:0cxx_relaxed_constexpr
    Feature record: CXX_FEATURE:0cxx_return_type_deduction
    Feature record: CXX_FEATURE:0cxx_right_angle_brackets
    Feature record: CXX_FEATURE:0cxx_rvalue_references
    Feature record: CXX_FEATURE:0cxx_sizeof_member
    Feature record: CXX_FEATURE:0cxx_static_assert
    Feature record: CXX_FEATURE:0cxx_strong_enums
    Feature record: CXX_FEATURE:1cxx_template_template_parameters
    Feature record: CXX_FEATURE:0cxx_thread_local
    Feature record: CXX_FEATURE:0cxx_trailing_return_types
    Feature record: CXX_FEATURE:0cxx_unicode_literals
    Feature record: CXX_FEATURE:0cxx_uniform_initialization
    Feature record: CXX_FEATURE:0cxx_unrestricted_unions
    Feature record: CXX_FEATURE:0cxx_user_literals
    Feature record: CXX_FEATURE:0cxx_variable_templates
    Feature record: CXX_FEATURE:0cxx_variadic_macros
    Feature record: CXX_FEATURE:0cxx_variadic_templates
Compiling the C compiler identification source file "CMakeCCompilerId.c" succeeded.
Compiler: /usr/local_64/gcc/gcc-5.3.0/bin/gcc 
Build flags: 
Id flags: 

The output was:
0


Compilation of the C compiler identification source "CMakeCCompilerId.c" produced "a.out"

The C compiler identification is GNU, found in "/home/zam/ruth/software_engineering/dune/dune-PFASST/build-cmake/CMakeFiles/3.4.1/CompilerIdC/a.out"

Determining if the C compiler works passed with the following output:
Change Dir: /home/zam/ruth/software_engineering/dune/dune-PFASST/build-cmake/CMakeFiles/CMakeTmp

Run Build Command:"/usr/bin/gmake" "cmTC_910ec/fast"
/usr/bin/gmake -f CMakeFiles/cmTC_910ec.dir/build.make CMakeFiles/cmTC_910ec.dir/build
gmake[1]: Entering directory `/home0/ruth/software_engineering/dune/dune-PFASST/build-cmake/CMakeFiles/CMakeTmp'
Building C object CMakeFiles/cmTC_910ec.dir/testCCompiler.c.o
/usr/local_64/gcc/gcc-5.3.0/bin/gcc     -o CMakeFiles/cmTC_910ec.dir/testCCompiler.c.o   -c /home/zam/ruth/software_engineering/dune/dune-PFASST/build-cmake/CMakeFiles/CMakeTmp/testCCompiler.c
Linking C executable cmTC_910ec
/usr/bin/cmake -E cmake_link_script CMakeFiles/cmTC_910ec.dir/link.txt --verbose=1
/usr/local_64/gcc/gcc-5.3.0/bin/gcc       CMakeFiles/cmTC_910ec.dir/testCCompiler.c.o  -o cmTC_910ec -rdynamic 
gmake[1]: Leaving directory `/home0/ruth/software_engineering/dune/dune-PFASST/build-cmake/CMakeFiles/CMakeTmp'


Detecting C compiler ABI info compiled with the following output:
Change Dir: /home/zam/ruth/software_engineering/dune/dune-PFASST/build-cmake/CMakeFiles/CMakeTmp

Run Build Command:"/usr/bin/gmake" "cmTC_11133/fast"
/usr/bin/gmake -f CMakeFiles/cmTC_11133.dir/build.make CMakeFiles/cmTC_11133.dir/build
gmake[1]: Entering directory `/home0/ruth/software_engineering/dune/dune-PFASST/build-cmake/CMakeFiles/CMakeTmp'
Building C object CMakeFiles/cmTC_11133.dir/CMakeCCompilerABI.c.o
/usr/local_64/gcc/gcc-5.3.0/bin/gcc     -o CMakeFiles/cmTC_11133.dir/CMakeCCompilerABI.c.o   -c /usr/share/cmake/Modules/CMakeCCompilerABI.c
Linking C executable cmTC_11133
/usr/bin/cmake -E cmake_link_script CMakeFiles/cmTC_11133.dir/link.txt --verbose=1
/usr/local_64/gcc/gcc-5.3.0/bin/gcc      -v CMakeFiles/cmTC_11133.dir/CMakeCCompilerABI.c.o  -o cmTC_11133 -rdynamic  
Using built-in specs.
COLLECT_GCC=/usr/local_64/gcc/gcc-5.3.0/bin/gcc
COLLECT_LTO_WRAPPER=/usr/local_64/gcc/gcc-5.3.0/lib/gcc/x86_64-unknown-linux-gnu/5.3.0/lto-wrapper
Target: x86_64-unknown-linux-gnu
Configured with: ../gcc-5.3.0-src/gcc-5.3.0/configure --prefix=/usr/local_64/gcc/gcc-5.3.0 --with-mpc=/usr/local_64/gcc/mpc-0.9 --enable-languages=c,c++,fortran --enable-lto
Thread model: posix
gcc version 5.3.0 (GCC) 
COMPILER_PATH=/usr/local_64/gcc/gcc-5.3.0/lib/gcc/x86_64-unknown-linux-gnu/5.3.0/:/usr/local_64/gcc/gcc-5.3.0/lib/gcc/x86_64-unknown-linux-gnu/5.3.0/:/usr/local_64/gcc/gcc-5.3.0/lib/gcc/x86_64-unknown-linux-gnu/:/usr/local_64/gcc/gcc-5.3.0/lib64/gcc/x86_64-unknown-linux-gnu/5.3.0/:/usr/local_64/gcc/gcc-5.3.0/lib64/gcc/x86_64-unknown-linux-gnu/
LIBRARY_PATH=/home/zam/ruth/lib64/../lib64/:/home/zam/ruth/lib/../lib64/:/usr/local_64/gcc/gcc-5.3.0/lib64/gcc/x86_64-unknown-linux-gnu/5.3.0/:/usr/local_64/gcc/gcc-5.3.0/lib64/gcc/x86_64-unknown-linux-gnu/5.3.0/../../../../lib64/:/lib/../lib64/:/usr/lib/../lib64/:/home/zam/ruth/lib64/:/home/zam/ruth/lib/:./:/usr/local_64/gcc/gcc-5.3.0/lib64/gcc/x86_64-unknown-linux-gnu/5.3.0/../../../:/lib/:/usr/lib/
COLLECT_GCC_OPTIONS='-v' '-o' 'cmTC_11133' '-rdynamic' '-mtune=generic' '-march=x86-64'
 /usr/local_64/gcc/gcc-5.3.0/lib/gcc/x86_64-unknown-linux-gnu/5.3.0/collect2 -plugin /usr/local_64/gcc/gcc-5.3.0/lib/gcc/x86_64-unknown-linux-gnu/5.3.0/liblto_plugin.so -plugin-opt=/usr/local_64/gcc/gcc-5.3.0/lib/gcc/x86_64-unknown-linux-gnu/5.3.0/lto-wrapper -plugin-opt=-fresolution=/tmp/ccBxFgoc.res -plugin-opt=-pass-through=-lgcc -plugin-opt=-pass-through=-lgcc_s -plugin-opt=-pass-through=-lc -plugin-opt=-pass-through=-lgcc -plugin-opt=-pass-through=-lgcc_s --eh-frame-hdr -m elf_x86_64 -export-dynamic -dynamic-linker /lib64/ld-linux-x86-64.so.2 -o cmTC_11133 /usr/lib/../lib64/crt1.o /usr/lib/../lib64/crti.o /usr/local_64/gcc/gcc-5.3.0/lib64/gcc/x86_64-unknown-linux-gnu/5.3.0/crtbegin.o -L/home/zam/ruth/lib64/../lib64 -L/home/zam/ruth/lib/../lib64 -L/usr/local_64/gcc/gcc-5.3.0/lib64/gcc/x86_64-unknown-linux-gnu/5.3.0 -L/usr/local_64/gcc/gcc-5.3.0/lib64/gcc/x86_64-unknown-linux-gnu/5.3.0/../../../../lib64 -L/lib/../lib64 -L/usr/lib/../lib64 -L/home/zam/ruth/lib64 -L/home/zam/ruth/lib -L. -L/usr/local_64/gcc/gcc-5.3.0/lib64/gcc/x86_64-unknown-linux-gnu/5.3.0/../../.. CMakeFiles/cmTC_11133.dir/CMakeCCompilerABI.c.o -lgcc --as-needed -lgcc_s --no-as-needed -lc -lgcc --as-needed -lgcc_s --no-as-needed /usr/local_64/gcc/gcc-5.3.0/lib64/gcc/x86_64-unknown-linux-gnu/5.3.0/crtend.o /usr/lib/../lib64/crtn.o
gmake[1]: Leaving directory `/home0/ruth/software_engineering/dune/dune-PFASST/build-cmake/CMakeFiles/CMakeTmp'


Parsed C implicit link information from above output:
  link line regex: [^( *|.*[/\])(ld|([^/\]+-)?ld|collect2)[^/\]*( |$)]
  ignore line: [Change Dir: /home/zam/ruth/software_engineering/dune/dune-PFASST/build-cmake/CMakeFiles/CMakeTmp]
  ignore line: []
  ignore line: [Run Build Command:"/usr/bin/gmake" "cmTC_11133/fast"]
  ignore line: [/usr/bin/gmake -f CMakeFiles/cmTC_11133.dir/build.make CMakeFiles/cmTC_11133.dir/build]
  ignore line: [gmake[1]: Entering directory `/home0/ruth/software_engineering/dune/dune-PFASST/build-cmake/CMakeFiles/CMakeTmp']
  ignore line: [Building C object CMakeFiles/cmTC_11133.dir/CMakeCCompilerABI.c.o]
  ignore line: [/usr/local_64/gcc/gcc-5.3.0/bin/gcc     -o CMakeFiles/cmTC_11133.dir/CMakeCCompilerABI.c.o   -c /usr/share/cmake/Modules/CMakeCCompilerABI.c]
  ignore line: [Linking C executable cmTC_11133]
  ignore line: [/usr/bin/cmake -E cmake_link_script CMakeFiles/cmTC_11133.dir/link.txt --verbose=1]
  ignore line: [/usr/local_64/gcc/gcc-5.3.0/bin/gcc      -v CMakeFiles/cmTC_11133.dir/CMakeCCompilerABI.c.o  -o cmTC_11133 -rdynamic  ]
  ignore line: [Using built-in specs.]
  ignore line: [COLLECT_GCC=/usr/local_64/gcc/gcc-5.3.0/bin/gcc]
  ignore line: [COLLECT_LTO_WRAPPER=/usr/local_64/gcc/gcc-5.3.0/lib/gcc/x86_64-unknown-linux-gnu/5.3.0/lto-wrapper]
  ignore line: [Target: x86_64-unknown-linux-gnu]
  ignore line: [Configured with: ../gcc-5.3.0-src/gcc-5.3.0/configure --prefix=/usr/local_64/gcc/gcc-5.3.0 --with-mpc=/usr/local_64/gcc/mpc-0.9 --enable-languages=c,c++,fortran --enable-lto]
  ignore line: [Thread model: posix]
  ignore line: [gcc version 5.3.0 (GCC) ]
  ignore line: [COMPILER_PATH=/usr/local_64/gcc/gcc-5.3.0/lib/gcc/x86_64-unknown-linux-gnu/5.3.0/:/usr/local_64/gcc/gcc-5.3.0/lib/gcc/x86_64-unknown-linux-gnu/5.3.0/:/usr/local_64/gcc/gcc-5.3.0/lib/gcc/x86_64-unknown-linux-gnu/:/usr/local_64/gcc/gcc-5.3.0/lib64/gcc/x86_64-unknown-linux-gnu/5.3.0/:/usr/local_64/gcc/gcc-5.3.0/lib64/gcc/x86_64-unknown-linux-gnu/]
  ignore line: [LIBRARY_PATH=/home/zam/ruth/lib64/../lib64/:/home/zam/ruth/lib/../lib64/:/usr/local_64/gcc/gcc-5.3.0/lib64/gcc/x86_64-unknown-linux-gnu/5.3.0/:/usr/local_64/gcc/gcc-5.3.0/lib64/gcc/x86_64-unknown-linux-gnu/5.3.0/../../../../lib64/:/lib/../lib64/:/usr/lib/../lib64/:/home/zam/ruth/lib64/:/home/zam/ruth/lib/:./:/usr/local_64/gcc/gcc-5.3.0/lib64/gcc/x86_64-unknown-linux-gnu/5.3.0/../../../:/lib/:/usr/lib/]
  ignore line: [COLLECT_GCC_OPTIONS='-v' '-o' 'cmTC_11133' '-rdynamic' '-mtune=generic' '-march=x86-64']
  link line: [ /usr/local_64/gcc/gcc-5.3.0/lib/gcc/x86_64-unknown-linux-gnu/5.3.0/collect2 -plugin /usr/local_64/gcc/gcc-5.3.0/lib/gcc/x86_64-unknown-linux-gnu/5.3.0/liblto_plugin.so -plugin-opt=/usr/local_64/gcc/gcc-5.3.0/lib/gcc/x86_64-unknown-linux-gnu/5.3.0/lto-wrapper -plugin-opt=-fresolution=/tmp/ccBxFgoc.res -plugin-opt=-pass-through=-lgcc -plugin-opt=-pass-through=-lgcc_s -plugin-opt=-pass-through=-lc -plugin-opt=-pass-through=-lgcc -plugin-opt=-pass-through=-lgcc_s --eh-frame-hdr -m elf_x86_64 -export-dynamic -dynamic-linker /lib64/ld-linux-x86-64.so.2 -o cmTC_11133 /usr/lib/../lib64/crt1.o /usr/lib/../lib64/crti.o /usr/local_64/gcc/gcc-5.3.0/lib64/gcc/x86_64-unknown-linux-gnu/5.3.0/crtbegin.o -L/home/zam/ruth/lib64/../lib64 -L/home/zam/ruth/lib/../lib64 -L/usr/local_64/gcc/gcc-5.3.0/lib64/gcc/x86_64-unknown-linux-gnu/5.3.0 -L/usr/local_64/gcc/gcc-5.3.0/lib64/gcc/x86_64-unknown-linux-gnu/5.3.0/../../../../lib64 -L/lib/../lib64 -L/usr/lib/../lib64 -L/home/zam/ruth/lib64 -L/home/zam/ruth/lib -L. -L/usr/local_64/gcc/gcc-5.3.0/lib64/gcc/x86_64-unknown-linux-gnu/5.3.0/../../.. CMakeFiles/cmTC_11133.dir/CMakeCCompilerABI.c.o -lgcc --as-needed -lgcc_s --no-as-needed -lc -lgcc --as-needed -lgcc_s --no-as-needed /usr/local_64/gcc/gcc-5.3.0/lib64/gcc/x86_64-unknown-linux-gnu/5.3.0/crtend.o /usr/lib/../lib64/crtn.o]
    arg [/usr/local_64/gcc/gcc-5.3.0/lib/gcc/x86_64-unknown-linux-gnu/5.3.0/collect2] ==> ignore
    arg [-plugin] ==> ignore
    arg [/usr/local_64/gcc/gcc-5.3.0/lib/gcc/x86_64-unknown-linux-gnu/5.3.0/liblto_plugin.so] ==> ignore
    arg [-plugin-opt=/usr/local_64/gcc/gcc-5.3.0/lib/gcc/x86_64-unknown-linux-gnu/5.3.0/lto-wrapper] ==> ignore
    arg [-plugin-opt=-fresolution=/tmp/ccBxFgoc.res] ==> ignore
    arg [-plugin-opt=-pass-through=-lgcc] ==> ignore
    arg [-plugin-opt=-pass-through=-lgcc_s] ==> ignore
    arg [-plugin-opt=-pass-through=-lc] ==> ignore
    arg [-plugin-opt=-pass-through=-lgcc] ==> ignore
    arg [-plugin-opt=-pass-through=-lgcc_s] ==> ignore
    arg [--eh-frame-hdr] ==> ignore
    arg [-m] ==> ignore
    arg [elf_x86_64] ==> ignore
    arg [-export-dynamic] ==> ignore
    arg [-dynamic-linker] ==> ignore
    arg [/lib64/ld-linux-x86-64.so.2] ==> ignore
    arg [-o] ==> ignore
    arg [cmTC_11133] ==> ignore
    arg [/usr/lib/../lib64/crt1.o] ==> ignore
    arg [/usr/lib/../lib64/crti.o] ==> ignore
    arg [/usr/local_64/gcc/gcc-5.3.0/lib64/gcc/x86_64-unknown-linux-gnu/5.3.0/crtbegin.o] ==> ignore
    arg [-L/home/zam/ruth/lib64/../lib64] ==> dir [/home/zam/ruth/lib64/../lib64]
    arg [-L/home/zam/ruth/lib/../lib64] ==> dir [/home/zam/ruth/lib/../lib64]
    arg [-L/usr/local_64/gcc/gcc-5.3.0/lib64/gcc/x86_64-unknown-linux-gnu/5.3.0] ==> dir [/usr/local_64/gcc/gcc-5.3.0/lib64/gcc/x86_64-unknown-linux-gnu/5.3.0]
    arg [-L/usr/local_64/gcc/gcc-5.3.0/lib64/gcc/x86_64-unknown-linux-gnu/5.3.0/../../../../lib64] ==> dir [/usr/local_64/gcc/gcc-5.3.0/lib64/gcc/x86_64-unknown-linux-gnu/5.3.0/../../../../lib64]
    arg [-L/lib/../lib64] ==> dir [/lib/../lib64]
    arg [-L/usr/lib/../lib64] ==> dir [/usr/lib/../lib64]
    arg [-L/home/zam/ruth/lib64] ==> dir [/home/zam/ruth/lib64]
    arg [-L/home/zam/ruth/lib] ==> dir [/home/zam/ruth/lib]
    arg [-L.] ==> ignore
    arg [-L/usr/local_64/gcc/gcc-5.3.0/lib64/gcc/x86_64-unknown-linux-gnu/5.3.0/../../..] ==> dir [/usr/local_64/gcc/gcc-5.3.0/lib64/gcc/x86_64-unknown-linux-gnu/5.3.0/../../..]
    arg [CMakeFiles/cmTC_11133.dir/CMakeCCompilerABI.c.o] ==> ignore
    arg [-lgcc] ==> lib [gcc]
    arg [--as-needed] ==> ignore
    arg [-lgcc_s] ==> lib [gcc_s]
    arg [--no-as-needed] ==> ignore
    arg [-lc] ==> lib [c]
    arg [-lgcc] ==> lib [gcc]
    arg [--as-needed] ==> ignore
    arg [-lgcc_s] ==> lib [gcc_s]
    arg [--no-as-needed] ==> ignore
    arg [/usr/local_64/gcc/gcc-5.3.0/lib64/gcc/x86_64-unknown-linux-gnu/5.3.0/crtend.o] ==> ignore
    arg [/usr/lib/../lib64/crtn.o] ==> ignore
  remove lib [gcc]
  remove lib [gcc_s]
  remove lib [gcc]
  remove lib [gcc_s]
  collapse library dir [/home/zam/ruth/lib64/../lib64] ==> [/home/zam/ruth/lib64]
  collapse library dir [/home/zam/ruth/lib/../lib64] ==> [/home/zam/ruth/lib64]
  collapse library dir [/usr/local_64/gcc/gcc-5.3.0/lib64/gcc/x86_64-unknown-linux-gnu/5.3.0] ==> [/usr/local_64/gcc/gcc-5.3.0/lib64/gcc/x86_64-unknown-linux-gnu/5.3.0]
  collapse library dir [/usr/local_64/gcc/gcc-5.3.0/lib64/gcc/x86_64-unknown-linux-gnu/5.3.0/../../../../lib64] ==> [/usr/local_64/gcc/gcc-5.3.0/lib64]
  collapse library dir [/lib/../lib64] ==> [/lib64]
  collapse library dir [/usr/lib/../lib64] ==> [/usr/lib64]
  collapse library dir [/home/zam/ruth/lib64] ==> [/home/zam/ruth/lib64]
  collapse library dir [/home/zam/ruth/lib] ==> [/home/zam/ruth/lib]
  collapse library dir [/usr/local_64/gcc/gcc-5.3.0/lib64/gcc/x86_64-unknown-linux-gnu/5.3.0/../../..] ==> [/usr/local_64/gcc/gcc-5.3.0/lib64]
  implicit libs: [c]
  implicit dirs: [/home/zam/ruth/lib64;/usr/local_64/gcc/gcc-5.3.0/lib64/gcc/x86_64-unknown-linux-gnu/5.3.0;/usr/local_64/gcc/gcc-5.3.0/lib64;/lib64;/usr/lib64;/home/zam/ruth/lib]
  implicit fwks: []




Detecting C [-std=c11] compiler features compiled with the following output:
Change Dir: /home/zam/ruth/software_engineering/dune/dune-PFASST/build-cmake/CMakeFiles/CMakeTmp

Run Build Command:"/usr/bin/gmake" "cmTC_19858/fast"
/usr/bin/gmake -f CMakeFiles/cmTC_19858.dir/build.make CMakeFiles/cmTC_19858.dir/build
gmake[1]: Entering directory `/home0/ruth/software_engineering/dune/dune-PFASST/build-cmake/CMakeFiles/CMakeTmp'
Building C object CMakeFiles/cmTC_19858.dir/feature_tests.c.o
/usr/local_64/gcc/gcc-5.3.0/bin/gcc    -std=c11 -o CMakeFiles/cmTC_19858.dir/feature_tests.c.o   -c /home/zam/ruth/software_engineering/dune/dune-PFASST/build-cmake/CMakeFiles/feature_tests.c
Linking C executable cmTC_19858
/usr/bin/cmake -E cmake_link_script CMakeFiles/cmTC_19858.dir/link.txt --verbose=1
/usr/local_64/gcc/gcc-5.3.0/bin/gcc       CMakeFiles/cmTC_19858.dir/feature_tests.c.o  -o cmTC_19858 -rdynamic 
gmake[1]: Leaving directory `/home0/ruth/software_engineering/dune/dune-PFASST/build-cmake/CMakeFiles/CMakeTmp'


    Feature record: C_FEATURE:1c_function_prototypes
    Feature record: C_FEATURE:1c_restrict
    Feature record: C_FEATURE:1c_static_assert
    Feature record: C_FEATURE:1c_variadic_macros


Detecting C [-std=c99] compiler features compiled with the following output:
Change Dir: /home/zam/ruth/software_engineering/dune/dune-PFASST/build-cmake/CMakeFiles/CMakeTmp

Run Build Command:"/usr/bin/gmake" "cmTC_b31c5/fast"
/usr/bin/gmake -f CMakeFiles/cmTC_b31c5.dir/build.make CMakeFiles/cmTC_b31c5.dir/build
gmake[1]: Entering directory `/home0/ruth/software_engineering/dune/dune-PFASST/build-cmake/CMakeFiles/CMakeTmp'
Building C object CMakeFiles/cmTC_b31c5.dir/feature_tests.c.o
/usr/local_64/gcc/gcc-5.3.0/bin/gcc    -std=c99 -o CMakeFiles/cmTC_b31c5.dir/feature_tests.c.o   -c /home/zam/ruth/software_engineering/dune/dune-PFASST/build-cmake/CMakeFiles/feature_tests.c
Linking C executable cmTC_b31c5
/usr/bin/cmake -E cmake_link_script CMakeFiles/cmTC_b31c5.dir/link.txt --verbose=1
/usr/local_64/gcc/gcc-5.3.0/bin/gcc       CMakeFiles/cmTC_b31c5.dir/feature_tests.c.o  -o cmTC_b31c5 -rdynamic 
gmake[1]: Leaving directory `/home0/ruth/software_engineering/dune/dune-PFASST/build-cmake/CMakeFiles/CMakeTmp'


    Feature record: C_FEATURE:1c_function_prototypes
    Feature record: C_FEATURE:1c_restrict
    Feature record: C_FEATURE:0c_static_assert
    Feature record: C_FEATURE:1c_variadic_macros


Detecting C [-std=c90] compiler features compiled with the following output:
Change Dir: /home/zam/ruth/software_engineering/dune/dune-PFASST/build-cmake/CMakeFiles/CMakeTmp

Run Build Command:"/usr/bin/gmake" "cmTC_f1530/fast"
/usr/bin/gmake -f CMakeFiles/cmTC_f1530.dir/build.make CMakeFiles/cmTC_f1530.dir/build
gmake[1]: Entering directory `/home0/ruth/software_engineering/dune/dune-PFASST/build-cmake/CMakeFiles/CMakeTmp'
Building C object CMakeFiles/cmTC_f1530.dir/feature_tests.c.o
/usr/local_64/gcc/gcc-5.3.0/bin/gcc    -std=c90 -o CMakeFiles/cmTC_f1530.dir/feature_tests.c.o   -c /home/zam/ruth/software_engineering/dune/dune-PFASST/build-cmake/CMakeFiles/feature_tests.c
Linking C executable cmTC_f1530
/usr/bin/cmake -E cmake_link_script CMakeFiles/cmTC_f1530.dir/link.txt --verbose=1
/usr/local_64/gcc/gcc-5.3.0/bin/gcc       CMakeFiles/cmTC_f1530.dir/feature_tests.c.o  -o cmTC_f1530 -rdynamic 
gmake[1]: Leaving directory `/home0/ruth/software_engineering/dune/dune-PFASST/build-cmake/CMakeFiles/CMakeTmp'


    Feature record: C_FEATURE:1c_function_prototypes
    Feature record: C_FEATURE:0c_restrict
    Feature record: C_FEATURE:0c_static_assert
    Feature record: C_FEATURE:0c_variadic_macros
Compiling the Fortran compiler identification source file "CMakeFortranCompilerId.F" succeeded.
Compiler: /usr/local_64/gcc/gcc-5.3.0/bin/gfortran 
Build flags: 
Id flags: -v

The output was:
0
Driving: /usr/local_64/gcc/gcc-5.3.0/bin/gfortran -v CMakeFortranCompilerId.F -l gfortran -l m -shared-libgcc
Using built-in specs.
COLLECT_GCC=/usr/local_64/gcc/gcc-5.3.0/bin/gfortran
COLLECT_LTO_WRAPPER=/usr/local_64/gcc/gcc-5.3.0/lib/gcc/x86_64-unknown-linux-gnu/5.3.0/lto-wrapper
Target: x86_64-unknown-linux-gnu
Configured with: ../gcc-5.3.0-src/gcc-5.3.0/configure --prefix=/usr/local_64/gcc/gcc-5.3.0 --with-mpc=/usr/local_64/gcc/mpc-0.9 --enable-languages=c,c++,fortran --enable-lto
Thread model: posix
gcc version 5.3.0 (GCC) 
COLLECT_GCC_OPTIONS='-v' '-shared-libgcc' '-mtune=generic' '-march=x86-64'
 /usr/local_64/gcc/gcc-5.3.0/lib/gcc/x86_64-unknown-linux-gnu/5.3.0/f951 CMakeFortranCompilerId.F -ffixed-form -cpp=/tmp/ccZnXg3E.f90 -quiet -v CMakeFortranCompilerId.F -quiet -dumpbase CMakeFortranCompilerId.F -mtune=generic -march=x86-64 -auxbase CMakeFortranCompilerId -version -fintrinsic-modules-path /usr/local_64/gcc/gcc-5.3.0/lib64/gcc/x86_64-unknown-linux-gnu/5.3.0/finclude -o /tmp/ccw1Fbji.s
GNU Fortran (GCC) version 5.3.0 (x86_64-unknown-linux-gnu)
	compiled by GNU C version 5.3.0, GMP version 5.1.2, MPFR version 3.1.2, MPC version 0.9
warning: MPC header version 0.9 differs from library version 1.0.
GGC heuristics: --param ggc-min-expand=100 --param ggc-min-heapsize=131072
ignoring nonexistent directory "/usr/local_64/gcc/gcc-5.3.0/lib64/gcc/x86_64-unknown-linux-gnu/5.3.0/../../../../x86_64-unknown-linux-gnu/include"
#include "..." search starts here:
#include <...> search starts here:
 /usr/local_64/gcc/gcc-5.3.0/lib64/gcc/x86_64-unknown-linux-gnu/5.3.0/finclude
 /usr/local_64/gcc/gcc-5.3.0/lib64/gcc/x86_64-unknown-linux-gnu/5.3.0/include
 /usr/local/include
 /usr/local_64/gcc/gcc-5.3.0/include
 /usr/local_64/gcc/gcc-5.3.0/lib64/gcc/x86_64-unknown-linux-gnu/5.3.0/include-fixed
 /usr/include
End of search list.
GNU Fortran2008 (GCC) version 5.3.0 (x86_64-unknown-linux-gnu)
	compiled by GNU C version 5.3.0, GMP version 5.1.2, MPFR version 3.1.2, MPC version 0.9
warning: MPC header version 0.9 differs from library version 1.0.
GGC heuristics: --param ggc-min-expand=100 --param ggc-min-heapsize=131072
COLLECT_GCC_OPTIONS='-v' '-shared-libgcc' '-mtune=generic' '-march=x86-64'
 as -v --64 -o /tmp/ccOoTHyW.o /tmp/ccw1Fbji.s
GNU assembler version 2.23.2 (x86_64-suse-linux) using BFD version (GNU Binutils; openSUSE 13.1) 2.23.2
Reading specs from /usr/local_64/gcc/gcc-5.3.0/lib64/gcc/x86_64-unknown-linux-gnu/5.3.0/../../../../lib64/libgfortran.spec
rename spec lib to liborig
COLLECT_GCC_OPTIONS='-v' '-shared-libgcc' '-mtune=generic' '-march=x86-64'
COMPILER_PATH=/usr/local_64/gcc/gcc-5.3.0/lib/gcc/x86_64-unknown-linux-gnu/5.3.0/:/usr/local_64/gcc/gcc-5.3.0/lib/gcc/x86_64-unknown-linux-gnu/5.3.0/:/usr/local_64/gcc/gcc-5.3.0/lib/gcc/x86_64-unknown-linux-gnu/:/usr/local_64/gcc/gcc-5.3.0/lib64/gcc/x86_64-unknown-linux-gnu/5.3.0/:/usr/local_64/gcc/gcc-5.3.0/lib64/gcc/x86_64-unknown-linux-gnu/
LIBRARY_PATH=/home/zam/ruth/lib64/../lib64/:/home/zam/ruth/lib/../lib64/:/usr/local_64/gcc/gcc-5.3.0/lib64/gcc/x86_64-unknown-linux-gnu/5.3.0/:/usr/local_64/gcc/gcc-5.3.0/lib64/gcc/x86_64-unknown-linux-gnu/5.3.0/../../../../lib64/:/lib/../lib64/:/usr/lib/../lib64/:/home/zam/ruth/lib64/:/home/zam/ruth/lib/:./:/usr/local_64/gcc/gcc-5.3.0/lib64/gcc/x86_64-unknown-linux-gnu/5.3.0/../../../:/lib/:/usr/lib/
COLLECT_GCC_OPTIONS='-v' '-shared-libgcc' '-mtune=generic' '-march=x86-64'
 /usr/local_64/gcc/gcc-5.3.0/lib/gcc/x86_64-unknown-linux-gnu/5.3.0/collect2 -plugin /usr/local_64/gcc/gcc-5.3.0/lib/gcc/x86_64-unknown-linux-gnu/5.3.0/liblto_plugin.so -plugin-opt=/usr/local_64/gcc/gcc-5.3.0/lib/gcc/x86_64-unknown-linux-gnu/5.3.0/lto-wrapper -plugin-opt=-fresolution=/tmp/ccwypzPA.res -plugin-opt=-pass-through=-lgcc_s -plugin-opt=-pass-through=-lgcc -plugin-opt=-pass-through=-lquadmath -plugin-opt=-pass-through=-lm -plugin-opt=-pass-through=-lgcc_s -plugin-opt=-pass-through=-lgcc -plugin-opt=-pass-through=-lc -plugin-opt=-pass-through=-lgcc_s -plugin-opt=-pass-through=-lgcc --eh-frame-hdr -m elf_x86_64 -dynamic-linker /lib64/ld-linux-x86-64.so.2 /usr/lib/../lib64/crt1.o /usr/lib/../lib64/crti.o /usr/local_64/gcc/gcc-5.3.0/lib64/gcc/x86_64-unknown-linux-gnu/5.3.0/crtbegin.o -L/home/zam/ruth/lib64/../lib64 -L/home/zam/ruth/lib/../lib64 -L/usr/local_64/gcc/gcc-5.3.0/lib64/gcc/x86_64-unknown-linux-gnu/5.3.0 -L/usr/local_64/gcc/gcc-5.3.0/lib64/gcc/x86_64-unknown-linux-gnu/5.3.0/../../../../lib64 -L/lib/../lib64 -L/usr/lib/../lib64 -L/home/zam/ruth/lib64 -L/home/zam/ruth/lib -L. -L/usr/local_64/gcc/gcc-5.3.0/lib64/gcc/x86_64-unknown-linux-gnu/5.3.0/../../.. /tmp/ccOoTHyW.o -lgfortran -lm -lgcc_s -lgcc -lquadmath -lm -lgcc_s -lgcc -lc -lgcc_s -lgcc /usr/local_64/gcc/gcc-5.3.0/lib64/gcc/x86_64-unknown-linux-gnu/5.3.0/crtend.o /usr/lib/../lib64/crtn.o


Compilation of the Fortran compiler identification source "CMakeFortranCompilerId.F" produced "a.out"

The Fortran compiler identification is GNU, found in "/home/zam/ruth/software_engineering/dune/dune-PFASST/build-cmake/CMakeFiles/3.4.1/CompilerIdFortran/a.out"

Determining if the Fortran compiler works passed with the following output:
Change Dir: /home/zam/ruth/software_engineering/dune/dune-PFASST/build-cmake/CMakeFiles/CMakeTmp

Run Build Command:"/usr/bin/gmake" "cmTC_1aa36/fast"
/usr/bin/gmake -f CMakeFiles/cmTC_1aa36.dir/build.make CMakeFiles/cmTC_1aa36.dir/build
gmake[1]: Entering directory `/home0/ruth/software_engineering/dune/dune-PFASST/build-cmake/CMakeFiles/CMakeTmp'
Building Fortran object CMakeFiles/cmTC_1aa36.dir/testFortranCompiler.f.o
/usr/local_64/gcc/gcc-5.3.0/bin/gfortran     -c /home/zam/ruth/software_engineering/dune/dune-PFASST/build-cmake/CMakeFiles/CMakeTmp/testFortranCompiler.f -o CMakeFiles/cmTC_1aa36.dir/testFortranCompiler.f.o
Linking Fortran executable cmTC_1aa36
/usr/bin/cmake -E cmake_link_script CMakeFiles/cmTC_1aa36.dir/link.txt --verbose=1
/usr/local_64/gcc/gcc-5.3.0/bin/gfortran       CMakeFiles/cmTC_1aa36.dir/testFortranCompiler.f.o  -o cmTC_1aa36  
gmake[1]: Leaving directory `/home0/ruth/software_engineering/dune/dune-PFASST/build-cmake/CMakeFiles/CMakeTmp'


Detecting Fortran compiler ABI info compiled with the following output:
Change Dir: /home/zam/ruth/software_engineering/dune/dune-PFASST/build-cmake/CMakeFiles/CMakeTmp

Run Build Command:"/usr/bin/gmake" "cmTC_c6c41/fast"
/usr/bin/gmake -f CMakeFiles/cmTC_c6c41.dir/build.make CMakeFiles/cmTC_c6c41.dir/build
gmake[1]: Entering directory `/home0/ruth/software_engineering/dune/dune-PFASST/build-cmake/CMakeFiles/CMakeTmp'
Building Fortran object CMakeFiles/cmTC_c6c41.dir/CMakeFortranCompilerABI.F.o
/usr/local_64/gcc/gcc-5.3.0/bin/gfortran     -c /usr/share/cmake/Modules/CMakeFortranCompilerABI.F -o CMakeFiles/cmTC_c6c41.dir/CMakeFortranCompilerABI.F.o
Linking Fortran executable cmTC_c6c41
/usr/bin/cmake -E cmake_link_script CMakeFiles/cmTC_c6c41.dir/link.txt --verbose=1
/usr/local_64/gcc/gcc-5.3.0/bin/gfortran    -v   CMakeFiles/cmTC_c6c41.dir/CMakeFortranCompilerABI.F.o  -o cmTC_c6c41   
Driving: /usr/local_64/gcc/gcc-5.3.0/bin/gfortran -v CMakeFiles/cmTC_c6c41.dir/CMakeFortranCompilerABI.F.o -o cmTC_c6c41 -l gfortran -l m -shared-libgcc
Using built-in specs.
COLLECT_GCC=/usr/local_64/gcc/gcc-5.3.0/bin/gfortran
COLLECT_LTO_WRAPPER=/usr/local_64/gcc/gcc-5.3.0/lib/gcc/x86_64-unknown-linux-gnu/5.3.0/lto-wrapper
Target: x86_64-unknown-linux-gnu
Configured with: ../gcc-5.3.0-src/gcc-5.3.0/configure --prefix=/usr/local_64/gcc/gcc-5.3.0 --with-mpc=/usr/local_64/gcc/mpc-0.9 --enable-languages=c,c++,fortran --enable-lto
Thread model: posix
gcc version 5.3.0 (GCC) 
Reading specs from /usr/local_64/gcc/gcc-5.3.0/lib64/gcc/x86_64-unknown-linux-gnu/5.3.0/../../../../lib64/libgfortran.spec
rename spec lib to liborig
COLLECT_GCC_OPTIONS='-v' '-o' 'cmTC_c6c41' '-shared-libgcc' '-mtune=generic' '-march=x86-64'
COMPILER_PATH=/usr/local_64/gcc/gcc-5.3.0/lib/gcc/x86_64-unknown-linux-gnu/5.3.0/:/usr/local_64/gcc/gcc-5.3.0/lib/gcc/x86_64-unknown-linux-gnu/5.3.0/:/usr/local_64/gcc/gcc-5.3.0/lib/gcc/x86_64-unknown-linux-gnu/:/usr/local_64/gcc/gcc-5.3.0/lib64/gcc/x86_64-unknown-linux-gnu/5.3.0/:/usr/local_64/gcc/gcc-5.3.0/lib64/gcc/x86_64-unknown-linux-gnu/
LIBRARY_PATH=/home/zam/ruth/lib64/../lib64/:/home/zam/ruth/lib/../lib64/:/usr/local_64/gcc/gcc-5.3.0/lib64/gcc/x86_64-unknown-linux-gnu/5.3.0/:/usr/local_64/gcc/gcc-5.3.0/lib64/gcc/x86_64-unknown-linux-gnu/5.3.0/../../../../lib64/:/lib/../lib64/:/usr/lib/../lib64/:/home/zam/ruth/lib64/:/home/zam/ruth/lib/:./:/usr/local_64/gcc/gcc-5.3.0/lib64/gcc/x86_64-unknown-linux-gnu/5.3.0/../../../:/lib/:/usr/lib/
COLLECT_GCC_OPTIONS='-v' '-o' 'cmTC_c6c41' '-shared-libgcc' '-mtune=generic' '-march=x86-64'
 /usr/local_64/gcc/gcc-5.3.0/lib/gcc/x86_64-unknown-linux-gnu/5.3.0/collect2 -plugin /usr/local_64/gcc/gcc-5.3.0/lib/gcc/x86_64-unknown-linux-gnu/5.3.0/liblto_plugin.so -plugin-opt=/usr/local_64/gcc/gcc-5.3.0/lib/gcc/x86_64-unknown-linux-gnu/5.3.0/lto-wrapper -plugin-opt=-fresolution=/tmp/ccnb3diN.res -plugin-opt=-pass-through=-lgcc_s -plugin-opt=-pass-through=-lgcc -plugin-opt=-pass-through=-lquadmath -plugin-opt=-pass-through=-lm -plugin-opt=-pass-through=-lgcc_s -plugin-opt=-pass-through=-lgcc -plugin-opt=-pass-through=-lc -plugin-opt=-pass-through=-lgcc_s -plugin-opt=-pass-through=-lgcc --eh-frame-hdr -m elf_x86_64 -dynamic-linker /lib64/ld-linux-x86-64.so.2 -o cmTC_c6c41 /usr/lib/../lib64/crt1.o /usr/lib/../lib64/crti.o /usr/local_64/gcc/gcc-5.3.0/lib64/gcc/x86_64-unknown-linux-gnu/5.3.0/crtbegin.o -L/home/zam/ruth/lib64/../lib64 -L/home/zam/ruth/lib/../lib64 -L/usr/local_64/gcc/gcc-5.3.0/lib64/gcc/x86_64-unknown-linux-gnu/5.3.0 -L/usr/local_64/gcc/gcc-5.3.0/lib64/gcc/x86_64-unknown-linux-gnu/5.3.0/../../../../lib64 -L/lib/../lib64 -L/usr/lib/../lib64 -L/home/zam/ruth/lib64 -L/home/zam/ruth/lib -L. -L/usr/local_64/gcc/gcc-5.3.0/lib64/gcc/x86_64-unknown-linux-gnu/5.3.0/../../.. CMakeFiles/cmTC_c6c41.dir/CMakeFortranCompilerABI.F.o -lgfortran -lm -lgcc_s -lgcc -lquadmath -lm -lgcc_s -lgcc -lc -lgcc_s -lgcc /usr/local_64/gcc/gcc-5.3.0/lib64/gcc/x86_64-unknown-linux-gnu/5.3.0/crtend.o /usr/lib/../lib64/crtn.o
gmake[1]: Leaving directory `/home0/ruth/software_engineering/dune/dune-PFASST/build-cmake/CMakeFiles/CMakeTmp'


Parsed Fortran implicit link information from above output:
  link line regex: [^( *|.*[/\])(ld|([^/\]+-)?ld|collect2)[^/\]*( |$)]
  ignore line: [Change Dir: /home/zam/ruth/software_engineering/dune/dune-PFASST/build-cmake/CMakeFiles/CMakeTmp]
  ignore line: []
  ignore line: [Run Build Command:"/usr/bin/gmake" "cmTC_c6c41/fast"]
  ignore line: [/usr/bin/gmake -f CMakeFiles/cmTC_c6c41.dir/build.make CMakeFiles/cmTC_c6c41.dir/build]
  ignore line: [gmake[1]: Entering directory `/home0/ruth/software_engineering/dune/dune-PFASST/build-cmake/CMakeFiles/CMakeTmp']
  ignore line: [Building Fortran object CMakeFiles/cmTC_c6c41.dir/CMakeFortranCompilerABI.F.o]
  ignore line: [/usr/local_64/gcc/gcc-5.3.0/bin/gfortran     -c /usr/share/cmake/Modules/CMakeFortranCompilerABI.F -o CMakeFiles/cmTC_c6c41.dir/CMakeFortranCompilerABI.F.o]
  ignore line: [Linking Fortran executable cmTC_c6c41]
  ignore line: [/usr/bin/cmake -E cmake_link_script CMakeFiles/cmTC_c6c41.dir/link.txt --verbose=1]
  ignore line: [/usr/local_64/gcc/gcc-5.3.0/bin/gfortran    -v   CMakeFiles/cmTC_c6c41.dir/CMakeFortranCompilerABI.F.o  -o cmTC_c6c41   ]
  ignore line: [Driving: /usr/local_64/gcc/gcc-5.3.0/bin/gfortran -v CMakeFiles/cmTC_c6c41.dir/CMakeFortranCompilerABI.F.o -o cmTC_c6c41 -l gfortran -l m -shared-libgcc]
  ignore line: [Using built-in specs.]
  ignore line: [COLLECT_GCC=/usr/local_64/gcc/gcc-5.3.0/bin/gfortran]
  ignore line: [COLLECT_LTO_WRAPPER=/usr/local_64/gcc/gcc-5.3.0/lib/gcc/x86_64-unknown-linux-gnu/5.3.0/lto-wrapper]
  ignore line: [Target: x86_64-unknown-linux-gnu]
  ignore line: [Configured with: ../gcc-5.3.0-src/gcc-5.3.0/configure --prefix=/usr/local_64/gcc/gcc-5.3.0 --with-mpc=/usr/local_64/gcc/mpc-0.9 --enable-languages=c,c++,fortran --enable-lto]
  ignore line: [Thread model: posix]
  ignore line: [gcc version 5.3.0 (GCC) ]
  ignore line: [Reading specs from /usr/local_64/gcc/gcc-5.3.0/lib64/gcc/x86_64-unknown-linux-gnu/5.3.0/../../../../lib64/libgfortran.spec]
  ignore line: [rename spec lib to liborig]
  ignore line: [COLLECT_GCC_OPTIONS='-v' '-o' 'cmTC_c6c41' '-shared-libgcc' '-mtune=generic' '-march=x86-64']
  ignore line: [COMPILER_PATH=/usr/local_64/gcc/gcc-5.3.0/lib/gcc/x86_64-unknown-linux-gnu/5.3.0/:/usr/local_64/gcc/gcc-5.3.0/lib/gcc/x86_64-unknown-linux-gnu/5.3.0/:/usr/local_64/gcc/gcc-5.3.0/lib/gcc/x86_64-unknown-linux-gnu/:/usr/local_64/gcc/gcc-5.3.0/lib64/gcc/x86_64-unknown-linux-gnu/5.3.0/:/usr/local_64/gcc/gcc-5.3.0/lib64/gcc/x86_64-unknown-linux-gnu/]
  ignore line: [LIBRARY_PATH=/home/zam/ruth/lib64/../lib64/:/home/zam/ruth/lib/../lib64/:/usr/local_64/gcc/gcc-5.3.0/lib64/gcc/x86_64-unknown-linux-gnu/5.3.0/:/usr/local_64/gcc/gcc-5.3.0/lib64/gcc/x86_64-unknown-linux-gnu/5.3.0/../../../../lib64/:/lib/../lib64/:/usr/lib/../lib64/:/home/zam/ruth/lib64/:/home/zam/ruth/lib/:./:/usr/local_64/gcc/gcc-5.3.0/lib64/gcc/x86_64-unknown-linux-gnu/5.3.0/../../../:/lib/:/usr/lib/]
  ignore line: [COLLECT_GCC_OPTIONS='-v' '-o' 'cmTC_c6c41' '-shared-libgcc' '-mtune=generic' '-march=x86-64']
  link line: [ /usr/local_64/gcc/gcc-5.3.0/lib/gcc/x86_64-unknown-linux-gnu/5.3.0/collect2 -plugin /usr/local_64/gcc/gcc-5.3.0/lib/gcc/x86_64-unknown-linux-gnu/5.3.0/liblto_plugin.so -plugin-opt=/usr/local_64/gcc/gcc-5.3.0/lib/gcc/x86_64-unknown-linux-gnu/5.3.0/lto-wrapper -plugin-opt=-fresolution=/tmp/ccnb3diN.res -plugin-opt=-pass-through=-lgcc_s -plugin-opt=-pass-through=-lgcc -plugin-opt=-pass-through=-lquadmath -plugin-opt=-pass-through=-lm -plugin-opt=-pass-through=-lgcc_s -plugin-opt=-pass-through=-lgcc -plugin-opt=-pass-through=-lc -plugin-opt=-pass-through=-lgcc_s -plugin-opt=-pass-through=-lgcc --eh-frame-hdr -m elf_x86_64 -dynamic-linker /lib64/ld-linux-x86-64.so.2 -o cmTC_c6c41 /usr/lib/../lib64/crt1.o /usr/lib/../lib64/crti.o /usr/local_64/gcc/gcc-5.3.0/lib64/gcc/x86_64-unknown-linux-gnu/5.3.0/crtbegin.o -L/home/zam/ruth/lib64/../lib64 -L/home/zam/ruth/lib/../lib64 -L/usr/local_64/gcc/gcc-5.3.0/lib64/gcc/x86_64-unknown-linux-gnu/5.3.0 -L/usr/local_64/gcc/gcc-5.3.0/lib64/gcc/x86_64-unknown-linux-gnu/5.3.0/../../../../lib64 -L/lib/../lib64 -L/usr/lib/../lib64 -L/home/zam/ruth/lib64 -L/home/zam/ruth/lib -L. -L/usr/local_64/gcc/gcc-5.3.0/lib64/gcc/x86_64-unknown-linux-gnu/5.3.0/../../.. CMakeFiles/cmTC_c6c41.dir/CMakeFortranCompilerABI.F.o -lgfortran -lm -lgcc_s -lgcc -lquadmath -lm -lgcc_s -lgcc -lc -lgcc_s -lgcc /usr/local_64/gcc/gcc-5.3.0/lib64/gcc/x86_64-unknown-linux-gnu/5.3.0/crtend.o /usr/lib/../lib64/crtn.o]
    arg [/usr/local_64/gcc/gcc-5.3.0/lib/gcc/x86_64-unknown-linux-gnu/5.3.0/collect2] ==> ignore
    arg [-plugin] ==> ignore
    arg [/usr/local_64/gcc/gcc-5.3.0/lib/gcc/x86_64-unknown-linux-gnu/5.3.0/liblto_plugin.so] ==> ignore
    arg [-plugin-opt=/usr/local_64/gcc/gcc-5.3.0/lib/gcc/x86_64-unknown-linux-gnu/5.3.0/lto-wrapper] ==> ignore
    arg [-plugin-opt=-fresolution=/tmp/ccnb3diN.res] ==> ignore
    arg [-plugin-opt=-pass-through=-lgcc_s] ==> ignore
    arg [-plugin-opt=-pass-through=-lgcc] ==> ignore
    arg [-plugin-opt=-pass-through=-lquadmath] ==> ignore
    arg [-plugin-opt=-pass-through=-lm] ==> ignore
    arg [-plugin-opt=-pass-through=-lgcc_s] ==> ignore
    arg [-plugin-opt=-pass-through=-lgcc] ==> ignore
    arg [-plugin-opt=-pass-through=-lc] ==> ignore
    arg [-plugin-opt=-pass-through=-lgcc_s] ==> ignore
    arg [-plugin-opt=-pass-through=-lgcc] ==> ignore
    arg [--eh-frame-hdr] ==> ignore
    arg [-m] ==> ignore
    arg [elf_x86_64] ==> ignore
    arg [-dynamic-linker] ==> ignore
    arg [/lib64/ld-linux-x86-64.so.2] ==> ignore
    arg [-o] ==> ignore
    arg [cmTC_c6c41] ==> ignore
    arg [/usr/lib/../lib64/crt1.o] ==> ignore
    arg [/usr/lib/../lib64/crti.o] ==> ignore
    arg [/usr/local_64/gcc/gcc-5.3.0/lib64/gcc/x86_64-unknown-linux-gnu/5.3.0/crtbegin.o] ==> ignore
    arg [-L/home/zam/ruth/lib64/../lib64] ==> dir [/home/zam/ruth/lib64/../lib64]
    arg [-L/home/zam/ruth/lib/../lib64] ==> dir [/home/zam/ruth/lib/../lib64]
    arg [-L/usr/local_64/gcc/gcc-5.3.0/lib64/gcc/x86_64-unknown-linux-gnu/5.3.0] ==> dir [/usr/local_64/gcc/gcc-5.3.0/lib64/gcc/x86_64-unknown-linux-gnu/5.3.0]
    arg [-L/usr/local_64/gcc/gcc-5.3.0/lib64/gcc/x86_64-unknown-linux-gnu/5.3.0/../../../../lib64] ==> dir [/usr/local_64/gcc/gcc-5.3.0/lib64/gcc/x86_64-unknown-linux-gnu/5.3.0/../../../../lib64]
    arg [-L/lib/../lib64] ==> dir [/lib/../lib64]
    arg [-L/usr/lib/../lib64] ==> dir [/usr/lib/../lib64]
    arg [-L/home/zam/ruth/lib64] ==> dir [/home/zam/ruth/lib64]
    arg [-L/home/zam/ruth/lib] ==> dir [/home/zam/ruth/lib]
    arg [-L.] ==> ignore
    arg [-L/usr/local_64/gcc/gcc-5.3.0/lib64/gcc/x86_64-unknown-linux-gnu/5.3.0/../../..] ==> dir [/usr/local_64/gcc/gcc-5.3.0/lib64/gcc/x86_64-unknown-linux-gnu/5.3.0/../../..]
    arg [CMakeFiles/cmTC_c6c41.dir/CMakeFortranCompilerABI.F.o] ==> ignore
    arg [-lgfortran] ==> lib [gfortran]
    arg [-lm] ==> lib [m]
    arg [-lgcc_s] ==> lib [gcc_s]
    arg [-lgcc] ==> lib [gcc]
    arg [-lquadmath] ==> lib [quadmath]
    arg [-lm] ==> lib [m]
    arg [-lgcc_s] ==> lib [gcc_s]
    arg [-lgcc] ==> lib [gcc]
    arg [-lc] ==> lib [c]
    arg [-lgcc_s] ==> lib [gcc_s]
    arg [-lgcc] ==> lib [gcc]
    arg [/usr/local_64/gcc/gcc-5.3.0/lib64/gcc/x86_64-unknown-linux-gnu/5.3.0/crtend.o] ==> ignore
    arg [/usr/lib/../lib64/crtn.o] ==> ignore
  remove lib [gcc_s]
  remove lib [gcc]
  remove lib [gcc_s]
  remove lib [gcc]
  remove lib [gcc_s]
  remove lib [gcc]
  collapse library dir [/home/zam/ruth/lib64/../lib64] ==> [/home/zam/ruth/lib64]
  collapse library dir [/home/zam/ruth/lib/../lib64] ==> [/home/zam/ruth/lib64]
  collapse library dir [/usr/local_64/gcc/gcc-5.3.0/lib64/gcc/x86_64-unknown-linux-gnu/5.3.0] ==> [/usr/local_64/gcc/gcc-5.3.0/lib64/gcc/x86_64-unknown-linux-gnu/5.3.0]
  collapse library dir [/usr/local_64/gcc/gcc-5.3.0/lib64/gcc/x86_64-unknown-linux-gnu/5.3.0/../../../../lib64] ==> [/usr/local_64/gcc/gcc-5.3.0/lib64]
  collapse library dir [/lib/../lib64] ==> [/lib64]
  collapse library dir [/usr/lib/../lib64] ==> [/usr/lib64]
  collapse library dir [/home/zam/ruth/lib64] ==> [/home/zam/ruth/lib64]
  collapse library dir [/home/zam/ruth/lib] ==> [/home/zam/ruth/lib]
  collapse library dir [/usr/local_64/gcc/gcc-5.3.0/lib64/gcc/x86_64-unknown-linux-gnu/5.3.0/../../..] ==> [/usr/local_64/gcc/gcc-5.3.0/lib64]
  implicit libs: [gfortran;m;quadmath;m;c]
  implicit dirs: [/home/zam/ruth/lib64;/usr/local_64/gcc/gcc-5.3.0/lib64/gcc/x86_64-unknown-linux-gnu/5.3.0;/usr/local_64/gcc/gcc-5.3.0/lib64;/lib64;/usr/lib64;/home/zam/ruth/lib]
  implicit fwks: []


Determining if the Fortran compiler supports Fortran 90 passed with the following output:
Change Dir: /home/zam/ruth/software_engineering/dune/dune-PFASST/build-cmake/CMakeFiles/CMakeTmp

Run Build Command:"/usr/bin/gmake" "cmTC_a9ab7/fast"
/usr/bin/gmake -f CMakeFiles/cmTC_a9ab7.dir/build.make CMakeFiles/cmTC_a9ab7.dir/build
gmake[1]: Entering directory `/home0/ruth/software_engineering/dune/dune-PFASST/build-cmake/CMakeFiles/CMakeTmp'
Building Fortran object CMakeFiles/cmTC_a9ab7.dir/testFortranCompilerF90.f90.o
/usr/local_64/gcc/gcc-5.3.0/bin/gfortran     -c /home/zam/ruth/software_engineering/dune/dune-PFASST/build-cmake/CMakeFiles/CMakeTmp/testFortranCompilerF90.f90 -o CMakeFiles/cmTC_a9ab7.dir/testFortranCompilerF90.f90.o
Linking Fortran executable cmTC_a9ab7
/usr/bin/cmake -E cmake_link_script CMakeFiles/cmTC_a9ab7.dir/link.txt --verbose=1
/usr/local_64/gcc/gcc-5.3.0/bin/gfortran       CMakeFiles/cmTC_a9ab7.dir/testFortranCompilerF90.f90.o  -o cmTC_a9ab7  
gmake[1]: Leaving directory `/home0/ruth/software_engineering/dune/dune-PFASST/build-cmake/CMakeFiles/CMakeTmp'


Performing C++ SOURCE FILE Test cxx_std_flag_14 succeded with the following output:
Change Dir: /home/zam/ruth/software_engineering/dune/dune-PFASST/build-cmake/CMakeFiles/CMakeTmp

Run Build Command:"/usr/bin/gmake" "cmTC_f51af/fast"
/usr/bin/gmake -f CMakeFiles/cmTC_f51af.dir/build.make CMakeFiles/cmTC_f51af.dir/build
gmake[1]: Entering directory `/home0/ruth/software_engineering/dune/dune-PFASST/build-cmake/CMakeFiles/CMakeTmp'
Building CXX object CMakeFiles/cmTC_f51af.dir/src.cxx.o
/usr/local_64/gcc/gcc-5.3.0/bin/g++     -Dcxx_std_flag_14   -std=c++14 -o CMakeFiles/cmTC_f51af.dir/src.cxx.o -c /home/zam/ruth/software_engineering/dune/dune-PFASST/build-cmake/CMakeFiles/CMakeTmp/src.cxx
Linking CXX executable cmTC_f51af
/usr/bin/cmake -E cmake_link_script CMakeFiles/cmTC_f51af.dir/link.txt --verbose=1
/usr/local_64/gcc/gcc-5.3.0/bin/g++    -Dcxx_std_flag_14    CMakeFiles/cmTC_f51af.dir/src.cxx.o  -o cmTC_f51af -rdynamic 
gmake[1]: Leaving directory `/home0/ruth/software_engineering/dune/dune-PFASST/build-cmake/CMakeFiles/CMakeTmp'

Source file was:
int main() { return 0; }
Performing C++ SOURCE FILE Test compiler_supports_cxx14 succeded with the following output:
Change Dir: /home/zam/ruth/software_engineering/dune/dune-PFASST/build-cmake/CMakeFiles/CMakeTmp

Run Build Command:"/usr/bin/gmake" "cmTC_13ef8/fast"
/usr/bin/gmake -f CMakeFiles/cmTC_13ef8.dir/build.make CMakeFiles/cmTC_13ef8.dir/build
gmake[1]: Entering directory `/home0/ruth/software_engineering/dune/dune-PFASST/build-cmake/CMakeFiles/CMakeTmp'
Building CXX object CMakeFiles/cmTC_13ef8.dir/src.cxx.o
/usr/local_64/gcc/gcc-5.3.0/bin/g++     -Dcompiler_supports_cxx14  -std=c++14   -o CMakeFiles/cmTC_13ef8.dir/src.cxx.o -c /home/zam/ruth/software_engineering/dune/dune-PFASST/build-cmake/CMakeFiles/CMakeTmp/src.cxx
Linking CXX executable cmTC_13ef8
/usr/bin/cmake -E cmake_link_script CMakeFiles/cmTC_13ef8.dir/link.txt --verbose=1
/usr/local_64/gcc/gcc-5.3.0/bin/g++    -Dcompiler_supports_cxx14  -std=c++14    CMakeFiles/cmTC_13ef8.dir/src.cxx.o  -o cmTC_13ef8 -rdynamic 
gmake[1]: Leaving directory `/home0/ruth/software_engineering/dune/dune-PFASST/build-cmake/CMakeFiles/CMakeTmp'

Source file was:

  #include <memory>

  int main() {
    // lambdas with auto parameters are C++14 - so this checks the compiler
    auto l = [](auto x) { return x; };
    // std::make_unique() is a C++14 library feature - this checks whether the
    // compiler uses a C++14 compliant library.
    auto v = std::make_unique<int>(l(0));
    return *v;
  }
  
Performing C++ SOURCE FILE Test HAS_ATTRIBUTE_UNUSED succeded with the following output:
Change Dir: /home/zam/ruth/software_engineering/dune/dune-PFASST/build-cmake/CMakeFiles/CMakeTmp

Run Build Command:"/usr/bin/gmake" "cmTC_9ff18/fast"
/usr/bin/gmake -f CMakeFiles/cmTC_9ff18.dir/build.make CMakeFiles/cmTC_9ff18.dir/build
gmake[1]: Entering directory `/home0/ruth/software_engineering/dune/dune-PFASST/build-cmake/CMakeFiles/CMakeTmp'
Building CXX object CMakeFiles/cmTC_9ff18.dir/src.cxx.o
/usr/local_64/gcc/gcc-5.3.0/bin/g++     -std=c++14  -DHAS_ATTRIBUTE_UNUSED   -o CMakeFiles/cmTC_9ff18.dir/src.cxx.o -c /home/zam/ruth/software_engineering/dune/dune-PFASST/build-cmake/CMakeFiles/CMakeTmp/src.cxx
Linking CXX executable cmTC_9ff18
/usr/bin/cmake -E cmake_link_script CMakeFiles/cmTC_9ff18.dir/link.txt --verbose=1
/usr/local_64/gcc/gcc-5.3.0/bin/g++    -std=c++14  -DHAS_ATTRIBUTE_UNUSED    CMakeFiles/cmTC_9ff18.dir/src.cxx.o  -o cmTC_9ff18 -rdynamic 
gmake[1]: Leaving directory `/home0/ruth/software_engineering/dune/dune-PFASST/build-cmake/CMakeFiles/CMakeTmp'

Source file was:

   int main(void)
   {
     int __attribute__((unused)) foo;
     return 0;
   };

Performing C++ SOURCE FILE Test HAS_ATTRIBUTE_DEPRECATED succeded with the following output:
Change Dir: /home/zam/ruth/software_engineering/dune/dune-PFASST/build-cmake/CMakeFiles/CMakeTmp

Run Build Command:"/usr/bin/gmake" "cmTC_4db33/fast"
/usr/bin/gmake -f CMakeFiles/cmTC_4db33.dir/build.make CMakeFiles/cmTC_4db33.dir/build
gmake[1]: Entering directory `/home0/ruth/software_engineering/dune/dune-PFASST/build-cmake/CMakeFiles/CMakeTmp'
Building CXX object CMakeFiles/cmTC_4db33.dir/src.cxx.o
/usr/local_64/gcc/gcc-5.3.0/bin/g++     -std=c++14  -DHAS_ATTRIBUTE_DEPRECATED   -o CMakeFiles/cmTC_4db33.dir/src.cxx.o -c /home/zam/ruth/software_engineering/dune/dune-PFASST/build-cmake/CMakeFiles/CMakeTmp/src.cxx
Linking CXX executable cmTC_4db33
/usr/bin/cmake -E cmake_link_script CMakeFiles/cmTC_4db33.dir/link.txt --verbose=1
/usr/local_64/gcc/gcc-5.3.0/bin/g++    -std=c++14  -DHAS_ATTRIBUTE_DEPRECATED    CMakeFiles/cmTC_4db33.dir/src.cxx.o  -o cmTC_4db33 -rdynamic 
gmake[1]: Leaving directory `/home0/ruth/software_engineering/dune/dune-PFASST/build-cmake/CMakeFiles/CMakeTmp'

Source file was:

#define DEP __attribute__((deprecated))
   class bar
   {
     bar() DEP;
   };

   class peng { } DEP;

   template <class T>
   class t_bar
   {
     t_bar() DEP;
   };

   template <class T>
   class t_peng {
     t_peng() {};
   } DEP;

   void foo() DEP;

   void foo() {}

   int main(void)
   {
     return 0;
   };

Performing C++ SOURCE FILE Test HAS_ATTRIBUTE_DEPRECATED_MSG succeded with the following output:
Change Dir: /home/zam/ruth/software_engineering/dune/dune-PFASST/build-cmake/CMakeFiles/CMakeTmp

Run Build Command:"/usr/bin/gmake" "cmTC_f93ef/fast"
/usr/bin/gmake -f CMakeFiles/cmTC_f93ef.dir/build.make CMakeFiles/cmTC_f93ef.dir/build
gmake[1]: Entering directory `/home0/ruth/software_engineering/dune/dune-PFASST/build-cmake/CMakeFiles/CMakeTmp'
Building CXX object CMakeFiles/cmTC_f93ef.dir/src.cxx.o
/usr/local_64/gcc/gcc-5.3.0/bin/g++     -std=c++14  -DHAS_ATTRIBUTE_DEPRECATED_MSG   -o CMakeFiles/cmTC_f93ef.dir/src.cxx.o -c /home/zam/ruth/software_engineering/dune/dune-PFASST/build-cmake/CMakeFiles/CMakeTmp/src.cxx
Linking CXX executable cmTC_f93ef
/usr/bin/cmake -E cmake_link_script CMakeFiles/cmTC_f93ef.dir/link.txt --verbose=1
/usr/local_64/gcc/gcc-5.3.0/bin/g++    -std=c++14  -DHAS_ATTRIBUTE_DEPRECATED_MSG    CMakeFiles/cmTC_f93ef.dir/src.cxx.o  -o cmTC_f93ef -rdynamic 
gmake[1]: Leaving directory `/home0/ruth/software_engineering/dune/dune-PFASST/build-cmake/CMakeFiles/CMakeTmp'

Source file was:

#define DEP __attribute__((deprecated("message")))
   class bar {
     bar() DEP;
   };

   class peng { } DEP;

   template <class T>
   class t_bar
   {
     t_bar() DEP;
   };

   template <class T>
   class t_peng
   {
     t_peng() {};
   } DEP;

   void foo() DEP;

   void foo() {}

   int main(void)
   {
     return 0;
   };

Performing C++ SOURCE FILE Test HAVE_IS_INDEXABLE_SUPPORT succeded with the following output:
Change Dir: /home/zam/ruth/software_engineering/dune/dune-PFASST/build-cmake/CMakeFiles/CMakeTmp

Run Build Command:"/usr/bin/gmake" "cmTC_b63e7/fast"
/usr/bin/gmake -f CMakeFiles/cmTC_b63e7.dir/build.make CMakeFiles/cmTC_b63e7.dir/build
gmake[1]: Entering directory `/home0/ruth/software_engineering/dune/dune-PFASST/build-cmake/CMakeFiles/CMakeTmp'
Building CXX object CMakeFiles/cmTC_b63e7.dir/src.cxx.o
/usr/local_64/gcc/gcc-5.3.0/bin/g++     -std=c++14  -DHAVE_IS_INDEXABLE_SUPPORT   -o CMakeFiles/cmTC_b63e7.dir/src.cxx.o -c /home/zam/ruth/software_engineering/dune/dune-PFASST/build-cmake/CMakeFiles/CMakeTmp/src.cxx
Linking CXX executable cmTC_b63e7
/usr/bin/cmake -E cmake_link_script CMakeFiles/cmTC_b63e7.dir/link.txt --verbose=1
/usr/local_64/gcc/gcc-5.3.0/bin/g++    -std=c++14  -DHAVE_IS_INDEXABLE_SUPPORT    CMakeFiles/cmTC_b63e7.dir/src.cxx.o  -o cmTC_b63e7 -rdynamic 
gmake[1]: Leaving directory `/home0/ruth/software_engineering/dune/dune-PFASST/build-cmake/CMakeFiles/CMakeTmp'

Source file was:

  #include <utility>
  #include <type_traits>
  #include <array>

  template <class T>
  typename std::add_rvalue_reference<T>::type declval();

  namespace detail {

    template<typename T, typename I, typename = int>
    struct _is_indexable
      : public std::false_type
    {};

    template<typename T, typename I>
    struct _is_indexable<T,I,typename std::enable_if<(sizeof(declval<T>()[declval<I>()]) > 0),int>::type>
      : public std::true_type
    {};

  }

  template<typename T, typename I = std::size_t>
  struct is_indexable
    : public detail::_is_indexable<T,I>
  {};

  struct foo_type {};

  int main()
  {
    double x;
    std::array<double,4> y;
    double z[5];
    foo_type f;

    static_assert(not is_indexable<decltype(x)>::value,"scalar type");
    static_assert(is_indexable<decltype(y)>::value,"indexable class");
    static_assert(is_indexable<decltype(z)>::value,"array");
    static_assert(not is_indexable<decltype(f)>::value,"not indexable class");
    static_assert(not is_indexable<decltype(y),foo_type>::value,"custom index type");

    return 0;
  }

Determining if the include file pthread.h exists passed with the following output:
Change Dir: /home/zam/ruth/software_engineering/dune/dune-PFASST/build-cmake/CMakeFiles/CMakeTmp

Run Build Command:"/usr/bin/gmake" "cmTC_25df1/fast"
/usr/bin/gmake -f CMakeFiles/cmTC_25df1.dir/build.make CMakeFiles/cmTC_25df1.dir/build
gmake[1]: Entering directory `/home0/ruth/software_engineering/dune/dune-PFASST/build-cmake/CMakeFiles/CMakeTmp'
Building C object CMakeFiles/cmTC_25df1.dir/CheckIncludeFile.c.o
/usr/local_64/gcc/gcc-5.3.0/bin/gcc     -o CMakeFiles/cmTC_25df1.dir/CheckIncludeFile.c.o   -c /home/zam/ruth/software_engineering/dune/dune-PFASST/build-cmake/CMakeFiles/CMakeTmp/CheckIncludeFile.c
Linking C executable cmTC_25df1
/usr/bin/cmake -E cmake_link_script CMakeFiles/cmTC_25df1.dir/link.txt --verbose=1
/usr/local_64/gcc/gcc-5.3.0/bin/gcc       CMakeFiles/cmTC_25df1.dir/CheckIncludeFile.c.o  -o cmTC_25df1 -rdynamic 
gmake[1]: Leaving directory `/home0/ruth/software_engineering/dune/dune-PFASST/build-cmake/CMakeFiles/CMakeTmp'


Performing C++ SOURCE FILE Test STDTHREAD_WORKS succeded with the following output:
Change Dir: /home/zam/ruth/software_engineering/dune/dune-PFASST/build-cmake/CMakeFiles/CMakeTmp

Run Build Command:"/usr/bin/gmake" "cmTC_e4aa2/fast"
/usr/bin/gmake -f CMakeFiles/cmTC_e4aa2.dir/build.make CMakeFiles/cmTC_e4aa2.dir/build
gmake[1]: Entering directory `/home0/ruth/software_engineering/dune/dune-PFASST/build-cmake/CMakeFiles/CMakeTmp'
Building CXX object CMakeFiles/cmTC_e4aa2.dir/src.cxx.o
/usr/local_64/gcc/gcc-5.3.0/bin/g++     -std=c++14  -DSTDTHREAD_WORKS   -o CMakeFiles/cmTC_e4aa2.dir/src.cxx.o -c /home/zam/ruth/software_engineering/dune/dune-PFASST/build-cmake/CMakeFiles/CMakeTmp/src.cxx
Linking CXX executable cmTC_e4aa2
/usr/bin/cmake -E cmake_link_script CMakeFiles/cmTC_e4aa2.dir/link.txt --verbose=1
/usr/local_64/gcc/gcc-5.3.0/bin/g++    -std=c++14  -DSTDTHREAD_WORKS    CMakeFiles/cmTC_e4aa2.dir/src.cxx.o  -o cmTC_e4aa2 -rdynamic -pthread 
gmake[1]: Leaving directory `/home0/ruth/software_engineering/dune/dune-PFASST/build-cmake/CMakeFiles/CMakeTmp'

Return value: 1
Source file was:

      #include <thread>

      void dummy() {}

      int main() {
        std::thread t(dummy);
        t.join();
      }
    
Performing C++ SOURCE FILE Test HAVE_CXA_DEMANGLE succeded with the following output:
Change Dir: /home/zam/ruth/software_engineering/dune/dune-PFASST/build-cmake/CMakeFiles/CMakeTmp

Run Build Command:"/usr/bin/gmake" "cmTC_6b6c7/fast"
/usr/bin/gmake -f CMakeFiles/cmTC_6b6c7.dir/build.make CMakeFiles/cmTC_6b6c7.dir/build
gmake[1]: Entering directory `/home0/ruth/software_engineering/dune/dune-PFASST/build-cmake/CMakeFiles/CMakeTmp'
Building CXX object CMakeFiles/cmTC_6b6c7.dir/src.cxx.o
/usr/local_64/gcc/gcc-5.3.0/bin/g++     -std=c++14  -DHAVE_CXA_DEMANGLE   -o CMakeFiles/cmTC_6b6c7.dir/src.cxx.o -c /home/zam/ruth/software_engineering/dune/dune-PFASST/build-cmake/CMakeFiles/CMakeTmp/src.cxx
Linking CXX executable cmTC_6b6c7
/usr/bin/cmake -E cmake_link_script CMakeFiles/cmTC_6b6c7.dir/link.txt --verbose=1
/usr/local_64/gcc/gcc-5.3.0/bin/g++    -std=c++14  -DHAVE_CXA_DEMANGLE    CMakeFiles/cmTC_6b6c7.dir/src.cxx.o  -o cmTC_6b6c7 -rdynamic 
gmake[1]: Leaving directory `/home0/ruth/software_engineering/dune/dune-PFASST/build-cmake/CMakeFiles/CMakeTmp'

Source file was:
#include <typeinfo>
#include <cxxabi.h>
int main(void){
    int foobar = 0;
    const char *foo = typeid(foobar).name();
    int status;
    char *demangled = abi::__cxa_demangle( foo, 0, 0, &status );
}
Verifying Fortran/CXX Compiler Compatibility passed with the following output:
Change Dir: /home/zam/ruth/software_engineering/dune/dune-PFASST/build-cmake/CMakeFiles/FortranCInterface/VerifyCXX

Run Build Command:"/usr/bin/gmake"
/usr/bin/cmake -H/usr/share/cmake/Modules/FortranCInterface/Verify -B/home/zam/ruth/software_engineering/dune/dune-PFASST/build-cmake/CMakeFiles/FortranCInterface/VerifyCXX --check-build-system CMakeFiles/Makefile.cmake 0
/usr/bin/cmake -E cmake_progress_start /home/zam/ruth/software_engineering/dune/dune-PFASST/build-cmake/CMakeFiles/FortranCInterface/VerifyCXX/CMakeFiles /home/zam/ruth/software_engineering/dune/dune-PFASST/build-cmake/CMakeFiles/FortranCInterface/VerifyCXX/CMakeFiles/progress.marks
/usr/bin/gmake -f CMakeFiles/Makefile2 all
gmake[1]: Entering directory `/home0/ruth/software_engineering/dune/dune-PFASST/build-cmake/CMakeFiles/FortranCInterface/VerifyCXX'
/usr/bin/gmake -f CMakeFiles/VerifyFortran.dir/build.make CMakeFiles/VerifyFortran.dir/depend
gmake[2]: Entering directory `/home0/ruth/software_engineering/dune/dune-PFASST/build-cmake/CMakeFiles/FortranCInterface/VerifyCXX'
cd /home/zam/ruth/software_engineering/dune/dune-PFASST/build-cmake/CMakeFiles/FortranCInterface/VerifyCXX && /usr/bin/cmake -E cmake_depends "Unix Makefiles" /usr/share/cmake/Modules/FortranCInterface/Verify /usr/share/cmake/Modules/FortranCInterface/Verify /home/zam/ruth/software_engineering/dune/dune-PFASST/build-cmake/CMakeFiles/FortranCInterface/VerifyCXX /home/zam/ruth/software_engineering/dune/dune-PFASST/build-cmake/CMakeFiles/FortranCInterface/VerifyCXX /home/zam/ruth/software_engineering/dune/dune-PFASST/build-cmake/CMakeFiles/FortranCInterface/VerifyCXX/CMakeFiles/VerifyFortran.dir/DependInfo.cmake
Scanning dependencies of target VerifyFortran
gmake[2]: Leaving directory `/home0/ruth/software_engineering/dune/dune-PFASST/build-cmake/CMakeFiles/FortranCInterface/VerifyCXX'
/usr/bin/gmake -f CMakeFiles/VerifyFortran.dir/build.make CMakeFiles/VerifyFortran.dir/requires
gmake[2]: Entering directory `/home0/ruth/software_engineering/dune/dune-PFASST/build-cmake/CMakeFiles/FortranCInterface/VerifyCXX'
gmake[2]: Nothing to be done for `CMakeFiles/VerifyFortran.dir/requires'.
gmake[2]: Leaving directory `/home0/ruth/software_engineering/dune/dune-PFASST/build-cmake/CMakeFiles/FortranCInterface/VerifyCXX'
/usr/bin/gmake -f CMakeFiles/VerifyFortran.dir/build.make CMakeFiles/VerifyFortran.dir/build
gmake[2]: Entering directory `/home0/ruth/software_engineering/dune/dune-PFASST/build-cmake/CMakeFiles/FortranCInterface/VerifyCXX'
[ 16%] Building Fortran object CMakeFiles/VerifyFortran.dir/VerifyFortran.f.o
/usr/local_64/gcc/gcc-5.3.0/bin/gfortran  -DVERIFY_CXX -I/home/zam/ruth/software_engineering/dune/dune-PFASST/build-cmake/CMakeFiles/FortranCInterface/VerifyCXX  -O3   -c /usr/share/cmake/Modules/FortranCInterface/Verify/VerifyFortran.f -o CMakeFiles/VerifyFortran.dir/VerifyFortran.f.o
[ 33%] Linking Fortran static library libVerifyFortran.a
/usr/bin/cmake -P CMakeFiles/VerifyFortran.dir/cmake_clean_target.cmake
/usr/bin/cmake -E cmake_link_script CMakeFiles/VerifyFortran.dir/link.txt --verbose=1
/usr/bin/ar qc libVerifyFortran.a  CMakeFiles/VerifyFortran.dir/VerifyFortran.f.o
/usr/bin/ranlib libVerifyFortran.a
gmake[2]: Leaving directory `/home0/ruth/software_engineering/dune/dune-PFASST/build-cmake/CMakeFiles/FortranCInterface/VerifyCXX'
[ 33%] Built target VerifyFortran
/usr/bin/gmake -f CMakeFiles/VerifyFortranC.dir/build.make CMakeFiles/VerifyFortranC.dir/depend
gmake[2]: Entering directory `/home0/ruth/software_engineering/dune/dune-PFASST/build-cmake/CMakeFiles/FortranCInterface/VerifyCXX'
cd /home/zam/ruth/software_engineering/dune/dune-PFASST/build-cmake/CMakeFiles/FortranCInterface/VerifyCXX && /usr/bin/cmake -E cmake_depends "Unix Makefiles" /usr/share/cmake/Modules/FortranCInterface/Verify /usr/share/cmake/Modules/FortranCInterface/Verify /home/zam/ruth/software_engineering/dune/dune-PFASST/build-cmake/CMakeFiles/FortranCInterface/VerifyCXX /home/zam/ruth/software_engineering/dune/dune-PFASST/build-cmake/CMakeFiles/FortranCInterface/VerifyCXX /home/zam/ruth/software_engineering/dune/dune-PFASST/build-cmake/CMakeFiles/FortranCInterface/VerifyCXX/CMakeFiles/VerifyFortranC.dir/DependInfo.cmake
Scanning dependencies of target VerifyFortranC
gmake[2]: Leaving directory `/home0/ruth/software_engineering/dune/dune-PFASST/build-cmake/CMakeFiles/FortranCInterface/VerifyCXX'
/usr/bin/gmake -f CMakeFiles/VerifyFortranC.dir/build.make CMakeFiles/VerifyFortranC.dir/build
gmake[2]: Entering directory `/home0/ruth/software_engineering/dune/dune-PFASST/build-cmake/CMakeFiles/FortranCInterface/VerifyCXX'
[ 50%] Building C object CMakeFiles/VerifyFortranC.dir/main.c.o
/usr/local_64/gcc/gcc-5.3.0/bin/gcc  -DVERIFY_CXX -I/home/zam/ruth/software_engineering/dune/dune-PFASST/build-cmake/CMakeFiles/FortranCInterface/VerifyCXX  -O3 -DNDEBUG   -o CMakeFiles/VerifyFortranC.dir/main.c.o   -c /usr/share/cmake/Modules/FortranCInterface/Verify/main.c
[ 66%] Building C object CMakeFiles/VerifyFortranC.dir/VerifyC.c.o
/usr/local_64/gcc/gcc-5.3.0/bin/gcc  -DVERIFY_CXX -I/home/zam/ruth/software_engineering/dune/dune-PFASST/build-cmake/CMakeFiles/FortranCInterface/VerifyCXX  -O3 -DNDEBUG   -o CMakeFiles/VerifyFortranC.dir/VerifyC.c.o   -c /usr/share/cmake/Modules/FortranCInterface/Verify/VerifyC.c
[ 83%] Building CXX object CMakeFiles/VerifyFortranC.dir/VerifyCXX.cxx.o
/usr/local_64/gcc/gcc-5.3.0/bin/g++   -DVERIFY_CXX -I/home/zam/ruth/software_engineering/dune/dune-PFASST/build-cmake/CMakeFiles/FortranCInterface/VerifyCXX  -std=c++14 -O3 -DNDEBUG   -o CMakeFiles/VerifyFortranC.dir/VerifyCXX.cxx.o -c /usr/share/cmake/Modules/FortranCInterface/Verify/VerifyCXX.cxx
[100%] Linking CXX executable VerifyFortranC
/usr/bin/cmake -E cmake_link_script CMakeFiles/VerifyFortranC.dir/link.txt --verbose=1
/usr/local_64/gcc/gcc-5.3.0/bin/g++    -std=c++14 -O3 -DNDEBUG   CMakeFiles/VerifyFortranC.dir/main.c.o CMakeFiles/VerifyFortranC.dir/VerifyC.c.o CMakeFiles/VerifyFortranC.dir/VerifyCXX.cxx.o  -o VerifyFortranC libVerifyFortran.a -lgfortran -lquadmath 
gmake[2]: Leaving directory `/home0/ruth/software_engineering/dune/dune-PFASST/build-cmake/CMakeFiles/FortranCInterface/VerifyCXX'
[100%] Built target VerifyFortranC
gmake[1]: Leaving directory `/home0/ruth/software_engineering/dune/dune-PFASST/build-cmake/CMakeFiles/FortranCInterface/VerifyCXX'
/usr/bin/cmake -E cmake_progress_start /home/zam/ruth/software_engineering/dune/dune-PFASST/build-cmake/CMakeFiles/FortranCInterface/VerifyCXX/CMakeFiles 0


Determining if the Fortran sgemm exists passed with the following output:
Change Dir: /home/zam/ruth/software_engineering/dune/dune-PFASST/build-cmake/CMakeFiles/CMakeTmp

Run Build Command:"/usr/bin/gmake" "cmTC_d7b2b/fast"
/usr/bin/gmake -f CMakeFiles/cmTC_d7b2b.dir/build.make CMakeFiles/cmTC_d7b2b.dir/build
gmake[1]: Entering directory `/home0/ruth/software_engineering/dune/dune-PFASST/build-cmake/CMakeFiles/CMakeTmp'
Building Fortran object CMakeFiles/cmTC_d7b2b.dir/testFortranCompiler.f.o
/usr/local_64/gcc/gcc-5.3.0/bin/gfortran     -c /home/zam/ruth/software_engineering/dune/dune-PFASST/build-cmake/CMakeFiles/CMakeTmp/testFortranCompiler.f -o CMakeFiles/cmTC_d7b2b.dir/testFortranCompiler.f.o
Linking Fortran executable cmTC_d7b2b
/usr/bin/cmake -E cmake_link_script CMakeFiles/cmTC_d7b2b.dir/link.txt --verbose=1
/usr/local_64/gcc/gcc-5.3.0/bin/gfortran       CMakeFiles/cmTC_d7b2b.dir/testFortranCompiler.f.o  -o cmTC_d7b2b  /usr/lib64/libblas.so 
gmake[1]: Leaving directory `/home0/ruth/software_engineering/dune/dune-PFASST/build-cmake/CMakeFiles/CMakeTmp'


Determining if the Fortran cheev exists passed with the following output:
Change Dir: /home/zam/ruth/software_engineering/dune/dune-PFASST/build-cmake/CMakeFiles/CMakeTmp

Run Build Command:"/usr/bin/gmake" "cmTC_992df/fast"
/usr/bin/gmake -f CMakeFiles/cmTC_992df.dir/build.make CMakeFiles/cmTC_992df.dir/build
gmake[1]: Entering directory `/home0/ruth/software_engineering/dune/dune-PFASST/build-cmake/CMakeFiles/CMakeTmp'
Building Fortran object CMakeFiles/cmTC_992df.dir/testFortranCompiler.f.o
/usr/local_64/gcc/gcc-5.3.0/bin/gfortran     -c /home/zam/ruth/software_engineering/dune/dune-PFASST/build-cmake/CMakeFiles/CMakeTmp/testFortranCompiler.f -o CMakeFiles/cmTC_992df.dir/testFortranCompiler.f.o
Linking Fortran executable cmTC_992df
/usr/bin/cmake -E cmake_link_script CMakeFiles/cmTC_992df.dir/link.txt --verbose=1
/usr/local_64/gcc/gcc-5.3.0/bin/gfortran       CMakeFiles/cmTC_992df.dir/testFortranCompiler.f.o  -o cmTC_992df  /usr/lib64/liblapack.so /usr/lib64/libblas.so 
gmake[1]: Leaving directory `/home0/ruth/software_engineering/dune/dune-PFASST/build-cmake/CMakeFiles/CMakeTmp'


Determining if the function __gmpz_abs exists in the /usr/lib64/libgmp.so passed with the following output:
Change Dir: /home/zam/ruth/software_engineering/dune/dune-PFASST/build-cmake/CMakeFiles/CMakeTmp

Run Build Command:"/usr/bin/gmake" "cmTC_13928/fast"
/usr/bin/gmake -f CMakeFiles/cmTC_13928.dir/build.make CMakeFiles/cmTC_13928.dir/build
gmake[1]: Entering directory `/home0/ruth/software_engineering/dune/dune-PFASST/build-cmake/CMakeFiles/CMakeTmp'
Building C object CMakeFiles/cmTC_13928.dir/CheckFunctionExists.c.o
/usr/local_64/gcc/gcc-5.3.0/bin/gcc    -DCHECK_FUNCTION_EXISTS=__gmpz_abs   -o CMakeFiles/cmTC_13928.dir/CheckFunctionExists.c.o   -c /usr/share/cmake/Modules/CheckFunctionExists.c
Linking C executable cmTC_13928
/usr/bin/cmake -E cmake_link_script CMakeFiles/cmTC_13928.dir/link.txt --verbose=1
/usr/local_64/gcc/gcc-5.3.0/bin/gcc   -DCHECK_FUNCTION_EXISTS=__gmpz_abs    CMakeFiles/cmTC_13928.dir/CheckFunctionExists.c.o  -o cmTC_13928 -rdynamic /usr/lib64/libgmp.so 
gmake[1]: Leaving directory `/home0/ruth/software_engineering/dune/dune-PFASST/build-cmake/CMakeFiles/CMakeTmp'


Determining if the include file sys/mman.h exists passed with the following output:
Change Dir: /home/zam/ruth/software_engineering/dune/dune-PFASST/build-cmake/CMakeFiles/CMakeTmp

Run Build Command:"/usr/bin/gmake" "cmTC_772b4/fast"
/usr/bin/gmake -f CMakeFiles/cmTC_772b4.dir/build.make CMakeFiles/cmTC_772b4.dir/build
gmake[1]: Entering directory `/home0/ruth/software_engineering/dune/dune-PFASST/build-cmake/CMakeFiles/CMakeTmp'
Building C object CMakeFiles/cmTC_772b4.dir/CheckIncludeFile.c.o
/usr/local_64/gcc/gcc-5.3.0/bin/gcc     -o CMakeFiles/cmTC_772b4.dir/CheckIncludeFile.c.o   -c /home/zam/ruth/software_engineering/dune/dune-PFASST/build-cmake/CMakeFiles/CMakeTmp/CheckIncludeFile.c
Linking C executable cmTC_772b4
/usr/bin/cmake -E cmake_link_script CMakeFiles/cmTC_772b4.dir/link.txt --verbose=1
/usr/local_64/gcc/gcc-5.3.0/bin/gcc       CMakeFiles/cmTC_772b4.dir/CheckIncludeFile.c.o  -o cmTC_772b4 -rdynamic 
gmake[1]: Leaving directory `/home0/ruth/software_engineering/dune/dune-PFASST/build-cmake/CMakeFiles/CMakeTmp'


Performing C SOURCE FILE Test HAVE_MPROTECT succeded with the following output:
Change Dir: /home/zam/ruth/software_engineering/dune/dune-PFASST/build-cmake/CMakeFiles/CMakeTmp

Run Build Command:"/usr/bin/gmake" "cmTC_391f1/fast"
/usr/bin/gmake -f CMakeFiles/cmTC_391f1.dir/build.make CMakeFiles/cmTC_391f1.dir/build
gmake[1]: Entering directory `/home0/ruth/software_engineering/dune/dune-PFASST/build-cmake/CMakeFiles/CMakeTmp'
Building C object CMakeFiles/cmTC_391f1.dir/src.c.o
/usr/local_64/gcc/gcc-5.3.0/bin/gcc    -DHAVE_MPROTECT   -o CMakeFiles/cmTC_391f1.dir/src.c.o   -c /home/zam/ruth/software_engineering/dune/dune-PFASST/build-cmake/CMakeFiles/CMakeTmp/src.c
Linking C executable cmTC_391f1
/usr/bin/cmake -E cmake_link_script CMakeFiles/cmTC_391f1.dir/link.txt --verbose=1
/usr/local_64/gcc/gcc-5.3.0/bin/gcc   -DHAVE_MPROTECT    CMakeFiles/cmTC_391f1.dir/src.c.o  -o cmTC_391f1 -rdynamic 
gmake[1]: Leaving directory `/home0/ruth/software_engineering/dune/dune-PFASST/build-cmake/CMakeFiles/CMakeTmp'

Source file was:

#include <sys/mman.h>
int main(void){
  mprotect(0,0,PROT_NONE);
}
Performing C++ SOURCE FILE Test HAVE_TEMPLATE_ALIASES succeded with the following output:
Change Dir: /home/zam/ruth/software_engineering/dune/dune-PFASST/build-cmake/CMakeFiles/CMakeTmp

Run Build Command:"/usr/bin/gmake" "cmTC_c365f/fast"
/usr/bin/gmake -f CMakeFiles/cmTC_c365f.dir/build.make CMakeFiles/cmTC_c365f.dir/build
gmake[1]: Entering directory `/home0/ruth/software_engineering/dune/dune-PFASST/build-cmake/CMakeFiles/CMakeTmp'
Building CXX object CMakeFiles/cmTC_c365f.dir/src.cxx.o
/usr/local_64/gcc/gcc-5.3.0/bin/g++     -std=c++14  -DHAVE_TEMPLATE_ALIASES   -o CMakeFiles/cmTC_c365f.dir/src.cxx.o -c /home/zam/ruth/software_engineering/dune/dune-PFASST/build-cmake/CMakeFiles/CMakeTmp/src.cxx
Linking CXX executable cmTC_c365f
/usr/bin/cmake -E cmake_link_script CMakeFiles/cmTC_c365f.dir/link.txt --verbose=1
/usr/local_64/gcc/gcc-5.3.0/bin/g++    -std=c++14  -DHAVE_TEMPLATE_ALIASES    CMakeFiles/cmTC_c365f.dir/src.cxx.o  -o cmTC_c365f -rdynamic 
gmake[1]: Leaving directory `/home0/ruth/software_engineering/dune/dune-PFASST/build-cmake/CMakeFiles/CMakeTmp'

Source file was:

  template<typename T, typename U>
  struct A
  {};

  template<typename T>
  using A1 = A<T,int>;

  template<typename U>
  using A2 = A<int,U>;

  template<typename T, typename U>
  struct assert_equal;

  template<typename T>
  struct assert_equal<T,T>
  {};

  int main()
  {
    assert_equal<A1<int>,A2<int> >();
    assert_equal<A<bool,int>,A1<bool> >();
    return 0;
  }
Performing C++ SOURCE FILE Test HAVE_STD_DECLTYPE succeded with the following output:
Change Dir: /home/zam/ruth/software_engineering/dune/dune-PFASST/build-cmake/CMakeFiles/CMakeTmp

Run Build Command:"/usr/bin/gmake" "cmTC_3c7ac/fast"
/usr/bin/gmake -f CMakeFiles/cmTC_3c7ac.dir/build.make CMakeFiles/cmTC_3c7ac.dir/build
gmake[1]: Entering directory `/home0/ruth/software_engineering/dune/dune-PFASST/build-cmake/CMakeFiles/CMakeTmp'
Building CXX object CMakeFiles/cmTC_3c7ac.dir/src.cxx.o
/usr/local_64/gcc/gcc-5.3.0/bin/g++     -std=c++14  -DHAVE_STD_DECLTYPE   -o CMakeFiles/cmTC_3c7ac.dir/src.cxx.o -c /home/zam/ruth/software_engineering/dune/dune-PFASST/build-cmake/CMakeFiles/CMakeTmp/src.cxx
Linking CXX executable cmTC_3c7ac
/usr/bin/cmake -E cmake_link_script CMakeFiles/cmTC_3c7ac.dir/link.txt --verbose=1
/usr/local_64/gcc/gcc-5.3.0/bin/g++    -std=c++14  -DHAVE_STD_DECLTYPE    CMakeFiles/cmTC_3c7ac.dir/src.cxx.o  -o cmTC_3c7ac -rdynamic 
gmake[1]: Leaving directory `/home0/ruth/software_engineering/dune/dune-PFASST/build-cmake/CMakeFiles/CMakeTmp'

Source file was:

  template<typename A, typename B>
  struct check_equal;

  template<typename A>
  struct check_equal<A,A>
  {
    static const int result = 0;
  };

  struct A;

  const A& foo();

  int main(void){
      return check_equal<decltype(foo()),const A&>::result;
  }
Performing C++ SOURCE FILE Test HAVE_GCC___TYPEOF__ succeded with the following output:
Change Dir: /home/zam/ruth/software_engineering/dune/dune-PFASST/build-cmake/CMakeFiles/CMakeTmp

Run Build Command:"/usr/bin/gmake" "cmTC_a3594/fast"
/usr/bin/gmake -f CMakeFiles/cmTC_a3594.dir/build.make CMakeFiles/cmTC_a3594.dir/build
gmake[1]: Entering directory `/home0/ruth/software_engineering/dune/dune-PFASST/build-cmake/CMakeFiles/CMakeTmp'
Building CXX object CMakeFiles/cmTC_a3594.dir/src.cxx.o
/usr/local_64/gcc/gcc-5.3.0/bin/g++     -std=c++14  -DHAVE_GCC___TYPEOF__   -o CMakeFiles/cmTC_a3594.dir/src.cxx.o -c /home/zam/ruth/software_engineering/dune/dune-PFASST/build-cmake/CMakeFiles/CMakeTmp/src.cxx
Linking CXX executable cmTC_a3594
/usr/bin/cmake -E cmake_link_script CMakeFiles/cmTC_a3594.dir/link.txt --verbose=1
/usr/local_64/gcc/gcc-5.3.0/bin/g++    -std=c++14  -DHAVE_GCC___TYPEOF__    CMakeFiles/cmTC_a3594.dir/src.cxx.o  -o cmTC_a3594 -rdynamic 
gmake[1]: Leaving directory `/home0/ruth/software_engineering/dune/dune-PFASST/build-cmake/CMakeFiles/CMakeTmp'

Source file was:

  template<typename A, typename B>
  struct check_equal;

  template<typename A>
  struct check_equal<A,A>
  {
    static const int result = 0;
  };

  struct A {};

  A foo();

  int main(void){
      return check_equal<__typeof__(foo()),A>::result;
  }
Determining if the function mkstemp exists passed with the following output:
Change Dir: /home/zam/ruth/software_engineering/dune/dune-PFASST/build-cmake/CMakeFiles/CMakeTmp

Run Build Command:"/usr/bin/gmake" "cmTC_a8e96/fast"
/usr/bin/gmake -f CMakeFiles/cmTC_a8e96.dir/build.make CMakeFiles/cmTC_a8e96.dir/build
gmake[1]: Entering directory `/home0/ruth/software_engineering/dune/dune-PFASST/build-cmake/CMakeFiles/CMakeTmp'
Building C object CMakeFiles/cmTC_a8e96.dir/CheckFunctionExists.c.o
/usr/local_64/gcc/gcc-5.3.0/bin/gcc    -DCHECK_FUNCTION_EXISTS=mkstemp   -o CMakeFiles/cmTC_a8e96.dir/CheckFunctionExists.c.o   -c /usr/share/cmake/Modules/CheckFunctionExists.c
Linking C executable cmTC_a8e96
/usr/bin/cmake -E cmake_link_script CMakeFiles/cmTC_a8e96.dir/link.txt --verbose=1
/usr/local_64/gcc/gcc-5.3.0/bin/gcc   -DCHECK_FUNCTION_EXISTS=mkstemp    CMakeFiles/cmTC_a8e96.dir/CheckFunctionExists.c.o  -o cmTC_a8e96 -rdynamic 
gmake[1]: Leaving directory `/home0/ruth/software_engineering/dune/dune-PFASST/build-cmake/CMakeFiles/CMakeTmp'


